{"G:\\expl\\src\\app\\common\\hooks\\use-filter-state.tsx": {"path":"G:\\expl\\src\\app\\common\\hooks\\use-filter-state.tsx","statementMap":{"0":{"start":{"line":9,"column":13},"end":{"line":9,"column":30}},"1":{"start":{"line":3,"column":47},"end":{"line":3,"column":null}},"2":{"start":{"line":4,"column":31},"end":{"line":4,"column":null}},"3":{"start":{"line":5,"column":26},"end":{"line":5,"column":null}},"4":{"start":{"line":1,"column":0},"end":{"line":1,"column":null}},"5":{"start":{"line":9,"column":30},"end":{"line":27,"column":null}},"6":{"start":{"line":10,"column":19},"end":{"line":10,"column":null}},"7":{"start":{"line":11,"column":22},"end":{"line":11,"column":null}},"8":{"start":{"line":13,"column":33},"end":{"line":15,"column":null}},"9":{"start":{"line":14,"column":4},"end":{"line":14,"column":null}},"10":{"start":{"line":17,"column":23},"end":{"line":19,"column":null}},"11":{"start":{"line":18,"column":4},"end":{"line":18,"column":null}},"12":{"start":{"line":21,"column":2},"end":{"line":26,"column":null}}},"fnMap":{"0":{"name":"(anonymous_0)","decl":{"start":{"line":9,"column":13},"end":{"line":9,"column":30}},"loc":{"start":{"line":9,"column":13},"end":{"line":9,"column":30}}},"1":{"name":"(anonymous_1)","decl":{"start":{"line":9,"column":30},"end":{"line":9,"column":36}},"loc":{"start":{"line":9,"column":36},"end":{"line":27,"column":null}}},"2":{"name":"(anonymous_2)","decl":{"start":{"line":13,"column":33},"end":{"line":13,"column":39}},"loc":{"start":{"line":13,"column":39},"end":{"line":15,"column":null}}},"3":{"name":"(anonymous_3)","decl":{"start":{"line":17,"column":23},"end":{"line":17,"column":24}},"loc":{"start":{"line":17,"column":63},"end":{"line":19,"column":null}}}},"branchMap":{},"s":{"0":2,"1":1,"2":1,"3":1,"4":1,"5":1,"6":2,"7":2,"8":2,"9":0,"10":2,"11":0,"12":2},"f":{"0":2,"1":2,"2":0,"3":0},"b":{}}
,"G:\\expl\\src\\app\\sandbox\\sandbox-slice.ts": {"path":"G:\\expl\\src\\app\\sandbox\\sandbox-slice.ts","statementMap":{"0":{"start":{"line":27,"column":13},"end":{"line":27,"column":25}},"1":{"start":{"line":66,"column":2},"end":{"line":66,"column":9}},"2":{"start":{"line":67,"column":2},"end":{"line":67,"column":12}},"3":{"start":{"line":68,"column":2},"end":{"line":68,"column":13}},"4":{"start":{"line":69,"column":2},"end":{"line":69,"column":13}},"5":{"start":{"line":70,"column":2},"end":{"line":70,"column":18}},"6":{"start":{"line":71,"column":2},"end":{"line":71,"column":19}},"7":{"start":{"line":74,"column":13},"end":{"line":74,"column":31}},"8":{"start":{"line":76,"column":13},"end":{"line":76,"column":30}},"9":{"start":{"line":81,"column":13},"end":{"line":81,"column":27}},"10":{"start":{"line":86,"column":13},"end":{"line":86,"column":27}},"11":{"start":{"line":91,"column":13},"end":{"line":91,"column":33}},"12":{"start":{"line":96,"column":13},"end":{"line":96,"column":34}},"13":{"start":{"line":3,"column":28},"end":{"line":3,"column":null}},"14":{"start":{"line":4,"column":35},"end":{"line":4,"column":null}},"15":{"start":{"line":6,"column":59},"end":{"line":6,"column":null}},"16":{"start":{"line":8,"column":62},"end":{"line":8,"column":null}},"17":{"start":{"line":1,"column":0},"end":{"line":1,"column":null}},"18":{"start":{"line":19,"column":35},"end":{"line":25,"column":null}},"19":{"start":{"line":27,"column":28},"end":{"line":63,"column":null}},"20":{"start":{"line":38,"column":42},"end":{"line":41,"column":null}},"21":{"start":{"line":42,"column":6},"end":{"line":42,"column":null}},"22":{"start":{"line":45,"column":6},"end":{"line":45,"column":null}},"23":{"start":{"line":46,"column":6},"end":{"line":46,"column":null}},"24":{"start":{"line":47,"column":6},"end":{"line":47,"column":null}},"25":{"start":{"line":48,"column":6},"end":{"line":48,"column":null}},"26":{"start":{"line":51,"column":6},"end":{"line":51,"column":null}},"27":{"start":{"line":54,"column":6},"end":{"line":54,"column":null}},"28":{"start":{"line":57,"column":6},"end":{"line":57,"column":null}},"29":{"start":{"line":60,"column":6},"end":{"line":60,"column":null}},"30":{"start":{"line":72,"column":4},"end":{"line":72,"column":24}},"31":{"start":{"line":74,"column":34},"end":{"line":74,"column":69}},"32":{"start":{"line":74,"column":56},"end":{"line":74,"column":69}},"33":{"start":{"line":76,"column":33},"end":{"line":78,"column":null}},"34":{"start":{"line":78,"column":18},"end":{"line":78,"column":42}},"35":{"start":{"line":81,"column":30},"end":{"line":83,"column":null}},"36":{"start":{"line":83,"column":18},"end":{"line":83,"column":39}},"37":{"start":{"line":86,"column":30},"end":{"line":88,"column":null}},"38":{"start":{"line":88,"column":18},"end":{"line":88,"column":39}},"39":{"start":{"line":91,"column":36},"end":{"line":93,"column":null}},"40":{"start":{"line":93,"column":18},"end":{"line":93,"column":45}},"41":{"start":{"line":96,"column":37},"end":{"line":98,"column":null}},"42":{"start":{"line":98,"column":18},"end":{"line":98,"column":46}}},"fnMap":{"0":{"name":"(anonymous_1)","decl":{"start":{"line":27,"column":25},"end":{"line":27,"column":28}},"loc":{"start":{"line":27,"column":13},"end":{"line":27,"column":25}}},"1":{"name":"(anonymous_2)","decl":{"start":{"line":66,"column":9},"end":{"line":66,"column":null}},"loc":{"start":{"line":66,"column":2},"end":{"line":66,"column":9}}},"2":{"name":"(anonymous_3)","decl":{"start":{"line":67,"column":12},"end":{"line":67,"column":null}},"loc":{"start":{"line":67,"column":2},"end":{"line":67,"column":12}}},"3":{"name":"(anonymous_4)","decl":{"start":{"line":68,"column":13},"end":{"line":68,"column":null}},"loc":{"start":{"line":68,"column":2},"end":{"line":68,"column":13}}},"4":{"name":"(anonymous_5)","decl":{"start":{"line":69,"column":13},"end":{"line":69,"column":null}},"loc":{"start":{"line":69,"column":2},"end":{"line":69,"column":13}}},"5":{"name":"(anonymous_6)","decl":{"start":{"line":70,"column":18},"end":{"line":70,"column":null}},"loc":{"start":{"line":70,"column":2},"end":{"line":70,"column":18}}},"6":{"name":"(anonymous_7)","decl":{"start":{"line":71,"column":19},"end":{"line":71,"column":null}},"loc":{"start":{"line":71,"column":2},"end":{"line":71,"column":19}}},"7":{"name":"(anonymous_8)","decl":{"start":{"line":74,"column":31},"end":{"line":74,"column":34}},"loc":{"start":{"line":74,"column":13},"end":{"line":74,"column":31}}},"8":{"name":"(anonymous_9)","decl":{"start":{"line":76,"column":30},"end":{"line":76,"column":33}},"loc":{"start":{"line":76,"column":13},"end":{"line":76,"column":30}}},"9":{"name":"(anonymous_10)","decl":{"start":{"line":81,"column":27},"end":{"line":81,"column":30}},"loc":{"start":{"line":81,"column":13},"end":{"line":81,"column":27}}},"10":{"name":"(anonymous_11)","decl":{"start":{"line":86,"column":27},"end":{"line":86,"column":30}},"loc":{"start":{"line":86,"column":13},"end":{"line":86,"column":27}}},"11":{"name":"(anonymous_12)","decl":{"start":{"line":91,"column":33},"end":{"line":91,"column":36}},"loc":{"start":{"line":91,"column":13},"end":{"line":91,"column":33}}},"12":{"name":"(anonymous_13)","decl":{"start":{"line":96,"column":34},"end":{"line":96,"column":37}},"loc":{"start":{"line":96,"column":13},"end":{"line":96,"column":34}}},"13":{"name":"(anonymous_14)","decl":{"start":{"line":31,"column":13},"end":{"line":31,"column":null}},"loc":{"start":{"line":37,"column":9},"end":{"line":43,"column":null}}},"14":{"name":"(anonymous_15)","decl":{"start":{"line":44,"column":16},"end":{"line":44,"column":25}},"loc":{"start":{"line":44,"column":25},"end":{"line":49,"column":null}}},"15":{"name":"(anonymous_16)","decl":{"start":{"line":50,"column":17},"end":{"line":50,"column":18}},"loc":{"start":{"line":50,"column":75},"end":{"line":52,"column":null}}},"16":{"name":"(anonymous_17)","decl":{"start":{"line":53,"column":17},"end":{"line":53,"column":18}},"loc":{"start":{"line":53,"column":73},"end":{"line":55,"column":null}}},"17":{"name":"(anonymous_18)","decl":{"start":{"line":56,"column":22},"end":{"line":56,"column":31}},"loc":{"start":{"line":56,"column":31},"end":{"line":58,"column":null}}},"18":{"name":"(anonymous_19)","decl":{"start":{"line":59,"column":23},"end":{"line":59,"column":32}},"loc":{"start":{"line":59,"column":32},"end":{"line":61,"column":null}}},"19":{"name":"(anonymous_20)","decl":{"start":{"line":74,"column":34},"end":{"line":74,"column":35}},"loc":{"start":{"line":74,"column":56},"end":{"line":74,"column":69}}},"20":{"name":"(anonymous_21)","decl":{"start":{"line":78,"column":2},"end":{"line":78,"column":18}},"loc":{"start":{"line":78,"column":18},"end":{"line":78,"column":42}}},"21":{"name":"(anonymous_22)","decl":{"start":{"line":83,"column":2},"end":{"line":83,"column":18}},"loc":{"start":{"line":83,"column":18},"end":{"line":83,"column":39}}},"22":{"name":"(anonymous_23)","decl":{"start":{"line":88,"column":2},"end":{"line":88,"column":18}},"loc":{"start":{"line":88,"column":18},"end":{"line":88,"column":39}}},"23":{"name":"(anonymous_24)","decl":{"start":{"line":93,"column":2},"end":{"line":93,"column":18}},"loc":{"start":{"line":93,"column":18},"end":{"line":93,"column":45}}},"24":{"name":"(anonymous_25)","decl":{"start":{"line":98,"column":2},"end":{"line":98,"column":18}},"loc":{"start":{"line":98,"column":18},"end":{"line":98,"column":46}}}},"branchMap":{"0":{"loc":{"start":{"line":42,"column":48},"end":{"line":42,"column":null}},"type":"binary-expr","locations":[{"start":{"line":42,"column":48},"end":{"line":42,"column":74}},{"start":{"line":42,"column":78},"end":{"line":42,"column":null}}]}},"s":{"0":1,"1":0,"2":0,"3":0,"4":0,"5":0,"6":0,"7":0,"8":0,"9":0,"10":0,"11":0,"12":0,"13":1,"14":1,"15":1,"16":1,"17":1,"18":1,"19":1,"20":0,"21":0,"22":0,"23":0,"24":0,"25":0,"26":0,"27":0,"28":0,"29":0,"30":1,"31":1,"32":0,"33":1,"34":0,"35":1,"36":0,"37":1,"38":0,"39":1,"40":0,"41":1,"42":0},"f":{"0":1,"1":0,"2":0,"3":0,"4":0,"5":0,"6":0,"7":0,"8":0,"9":0,"10":0,"11":0,"12":0,"13":0,"14":0,"15":0,"16":0,"17":0,"18":0,"19":0,"20":0,"21":0,"22":0,"23":0,"24":0},"b":{"0":[0,0]}}
,"G:\\expl\\src\\common\\constants.ts": {"path":"G:\\expl\\src\\common\\constants.ts","statementMap":{"0":{"start":{"line":6,"column":13},"end":{"line":6,"column":32}},"1":{"start":{"line":8,"column":13},"end":{"line":8,"column":23}},"2":{"start":{"line":10,"column":13},"end":{"line":10,"column":37}},"3":{"start":{"line":13,"column":13},"end":{"line":13,"column":37}},"4":{"start":{"line":15,"column":13},"end":{"line":15,"column":37}},"5":{"start":{"line":19,"column":13},"end":{"line":19,"column":39}},"6":{"start":{"line":22,"column":13},"end":{"line":22,"column":32}},"7":{"start":{"line":24,"column":13},"end":{"line":24,"column":24}},"8":{"start":{"line":29,"column":13},"end":{"line":29,"column":32}},"9":{"start":{"line":32,"column":13},"end":{"line":32,"column":35}},"10":{"start":{"line":35,"column":13},"end":{"line":35,"column":35}},"11":{"start":{"line":38,"column":13},"end":{"line":38,"column":34}},"12":{"start":{"line":40,"column":13},"end":{"line":40,"column":20}},"13":{"start":{"line":48,"column":13},"end":{"line":48,"column":26}},"14":{"start":{"line":51,"column":13},"end":{"line":51,"column":22}},"15":{"start":{"line":53,"column":13},"end":{"line":53,"column":29}},"16":{"start":{"line":56,"column":13},"end":{"line":56,"column":25}},"17":{"start":{"line":62,"column":13},"end":{"line":62,"column":38}},"18":{"start":{"line":63,"column":13},"end":{"line":63,"column":37}},"19":{"start":{"line":64,"column":13},"end":{"line":64,"column":31}},"20":{"start":{"line":65,"column":13},"end":{"line":65,"column":36}},"21":{"start":{"line":67,"column":13},"end":{"line":67,"column":44}},"22":{"start":{"line":69,"column":13},"end":{"line":69,"column":28}},"23":{"start":{"line":77,"column":13},"end":{"line":77,"column":30}},"24":{"start":{"line":86,"column":13},"end":{"line":86,"column":29}},"25":{"start":{"line":88,"column":13},"end":{"line":88,"column":39}},"26":{"start":{"line":3,"column":24},"end":{"line":3,"column":null}},"27":{"start":{"line":6,"column":35},"end":{"line":6,"column":39}},"28":{"start":{"line":8,"column":26},"end":{"line":8,"column":null}},"29":{"start":{"line":11,"column":2},"end":{"line":11,"column":null}},"30":{"start":{"line":13,"column":40},"end":{"line":13,"column":null}},"31":{"start":{"line":16,"column":2},"end":{"line":17,"column":50}},"32":{"start":{"line":20,"column":2},"end":{"line":21,"column":52}},"33":{"start":{"line":22,"column":35},"end":{"line":22,"column":null}},"34":{"start":{"line":24,"column":27},"end":{"line":27,"column":null}},"35":{"start":{"line":30,"column":2},"end":{"line":30,"column":null}},"36":{"start":{"line":33,"column":2},"end":{"line":33,"column":null}},"37":{"start":{"line":36,"column":2},"end":{"line":36,"column":null}},"38":{"start":{"line":38,"column":37},"end":{"line":38,"column":null}},"39":{"start":{"line":40,"column":23},"end":{"line":40,"column":88}},"40":{"start":{"line":42,"column":12},"end":{"line":42,"column":18}},"41":{"start":{"line":42,"column":12},"end":{"line":43,"column":null}},"42":{"start":{"line":42,"column":12},"end":{"line":44,"column":null}},"43":{"start":{"line":42,"column":12},"end":{"line":45,"column":null}},"44":{"start":{"line":48,"column":29},"end":{"line":49,"column":37}},"45":{"start":{"line":48,"column":52},"end":{"line":49,"column":37}},"46":{"start":{"line":49,"column":2},"end":{"line":49,"column":37}},"47":{"start":{"line":51,"column":25},"end":{"line":51,"column":null}},"48":{"start":{"line":54,"column":2},"end":{"line":54,"column":70}},"49":{"start":{"line":56,"column":41},"end":{"line":60,"column":null}},"50":{"start":{"line":62,"column":41},"end":{"line":62,"column":null}},"51":{"start":{"line":63,"column":40},"end":{"line":63,"column":null}},"52":{"start":{"line":64,"column":34},"end":{"line":64,"column":null}},"53":{"start":{"line":65,"column":39},"end":{"line":65,"column":null}},"54":{"start":{"line":67,"column":47},"end":{"line":67,"column":null}},"55":{"start":{"line":69,"column":31},"end":{"line":75,"column":null}},"56":{"start":{"line":77,"column":59},"end":{"line":84,"column":null}},"57":{"start":{"line":86,"column":32},"end":{"line":86,"column":null}},"58":{"start":{"line":88,"column":42},"end":{"line":91,"column":null}}},"fnMap":{"0":{"name":"(anonymous_2)","decl":{"start":{"line":6,"column":32},"end":{"line":6,"column":35}},"loc":{"start":{"line":6,"column":13},"end":{"line":6,"column":32}}},"1":{"name":"(anonymous_3)","decl":{"start":{"line":8,"column":23},"end":{"line":8,"column":26}},"loc":{"start":{"line":8,"column":13},"end":{"line":8,"column":23}}},"2":{"name":"(anonymous_4)","decl":{"start":{"line":10,"column":37},"end":{"line":10,"column":null}},"loc":{"start":{"line":10,"column":13},"end":{"line":10,"column":37}}},"3":{"name":"(anonymous_5)","decl":{"start":{"line":13,"column":37},"end":{"line":13,"column":40}},"loc":{"start":{"line":13,"column":13},"end":{"line":13,"column":37}}},"4":{"name":"(anonymous_6)","decl":{"start":{"line":15,"column":37},"end":{"line":15,"column":null}},"loc":{"start":{"line":15,"column":13},"end":{"line":15,"column":37}}},"5":{"name":"(anonymous_7)","decl":{"start":{"line":19,"column":39},"end":{"line":19,"column":null}},"loc":{"start":{"line":19,"column":13},"end":{"line":19,"column":39}}},"6":{"name":"(anonymous_8)","decl":{"start":{"line":22,"column":32},"end":{"line":22,"column":35}},"loc":{"start":{"line":22,"column":13},"end":{"line":22,"column":32}}},"7":{"name":"(anonymous_9)","decl":{"start":{"line":24,"column":24},"end":{"line":24,"column":27}},"loc":{"start":{"line":24,"column":13},"end":{"line":24,"column":24}}},"8":{"name":"(anonymous_10)","decl":{"start":{"line":29,"column":32},"end":{"line":29,"column":null}},"loc":{"start":{"line":29,"column":13},"end":{"line":29,"column":32}}},"9":{"name":"(anonymous_11)","decl":{"start":{"line":32,"column":35},"end":{"line":32,"column":null}},"loc":{"start":{"line":32,"column":13},"end":{"line":32,"column":35}}},"10":{"name":"(anonymous_12)","decl":{"start":{"line":35,"column":35},"end":{"line":35,"column":null}},"loc":{"start":{"line":35,"column":13},"end":{"line":35,"column":35}}},"11":{"name":"(anonymous_13)","decl":{"start":{"line":38,"column":34},"end":{"line":38,"column":37}},"loc":{"start":{"line":38,"column":13},"end":{"line":38,"column":34}}},"12":{"name":"(anonymous_14)","decl":{"start":{"line":40,"column":20},"end":{"line":40,"column":23}},"loc":{"start":{"line":40,"column":13},"end":{"line":40,"column":20}}},"13":{"name":"(anonymous_15)","decl":{"start":{"line":48,"column":26},"end":{"line":48,"column":29}},"loc":{"start":{"line":48,"column":13},"end":{"line":48,"column":26}}},"14":{"name":"(anonymous_16)","decl":{"start":{"line":51,"column":22},"end":{"line":51,"column":25}},"loc":{"start":{"line":51,"column":13},"end":{"line":51,"column":22}}},"15":{"name":"(anonymous_17)","decl":{"start":{"line":53,"column":29},"end":{"line":53,"column":null}},"loc":{"start":{"line":53,"column":13},"end":{"line":53,"column":29}}},"16":{"name":"(anonymous_18)","decl":{"start":{"line":56,"column":25},"end":{"line":56,"column":41}},"loc":{"start":{"line":56,"column":13},"end":{"line":56,"column":25}}},"17":{"name":"(anonymous_19)","decl":{"start":{"line":62,"column":38},"end":{"line":62,"column":41}},"loc":{"start":{"line":62,"column":13},"end":{"line":62,"column":38}}},"18":{"name":"(anonymous_20)","decl":{"start":{"line":63,"column":37},"end":{"line":63,"column":40}},"loc":{"start":{"line":63,"column":13},"end":{"line":63,"column":37}}},"19":{"name":"(anonymous_21)","decl":{"start":{"line":64,"column":31},"end":{"line":64,"column":34}},"loc":{"start":{"line":64,"column":13},"end":{"line":64,"column":31}}},"20":{"name":"(anonymous_22)","decl":{"start":{"line":65,"column":36},"end":{"line":65,"column":39}},"loc":{"start":{"line":65,"column":13},"end":{"line":65,"column":36}}},"21":{"name":"(anonymous_23)","decl":{"start":{"line":67,"column":44},"end":{"line":67,"column":47}},"loc":{"start":{"line":67,"column":13},"end":{"line":67,"column":44}}},"22":{"name":"(anonymous_24)","decl":{"start":{"line":69,"column":28},"end":{"line":69,"column":31}},"loc":{"start":{"line":69,"column":13},"end":{"line":69,"column":28}}},"23":{"name":"(anonymous_25)","decl":{"start":{"line":77,"column":30},"end":{"line":77,"column":59}},"loc":{"start":{"line":77,"column":13},"end":{"line":77,"column":30}}},"24":{"name":"(anonymous_26)","decl":{"start":{"line":86,"column":29},"end":{"line":86,"column":32}},"loc":{"start":{"line":86,"column":13},"end":{"line":86,"column":29}}},"25":{"name":"(anonymous_27)","decl":{"start":{"line":88,"column":39},"end":{"line":88,"column":42}},"loc":{"start":{"line":88,"column":13},"end":{"line":88,"column":39}}},"26":{"name":"(anonymous_29)","decl":{"start":{"line":42,"column":12},"end":{"line":42,"column":18}},"loc":{"start":{"line":42,"column":18},"end":{"line":42,"column":11}}},"27":{"name":"(anonymous_30)","decl":{"start":{"line":48,"column":29},"end":{"line":48,"column":30}},"loc":{"start":{"line":48,"column":52},"end":{"line":49,"column":37}}},"28":{"name":"(anonymous_31)","decl":{"start":{"line":48,"column":52},"end":{"line":48,"column":53}},"loc":{"start":{"line":49,"column":2},"end":{"line":49,"column":37}}}},"branchMap":{"0":{"loc":{"start":{"line":16,"column":2},"end":{"line":17,"column":50}},"type":"binary-expr","locations":[{"start":{"line":16,"column":2},"end":{"line":16,"column":50}},{"start":{"line":17,"column":2},"end":{"line":17,"column":50}}]},"1":{"loc":{"start":{"line":20,"column":2},"end":{"line":21,"column":52}},"type":"binary-expr","locations":[{"start":{"line":20,"column":2},"end":{"line":20,"column":52}},{"start":{"line":21,"column":2},"end":{"line":21,"column":52}}]},"2":{"loc":{"start":{"line":22,"column":35},"end":{"line":22,"column":null}},"type":"binary-expr","locations":[{"start":{"line":22,"column":35},"end":{"line":22,"column":63}},{"start":{"line":22,"column":63},"end":{"line":22,"column":null}}]},"3":{"loc":{"start":{"line":30,"column":2},"end":{"line":30,"column":null}},"type":"binary-expr","locations":[{"start":{"line":30,"column":2},"end":{"line":30,"column":45}},{"start":{"line":30,"column":49},"end":{"line":30,"column":null}}]},"4":{"loc":{"start":{"line":33,"column":2},"end":{"line":33,"column":null}},"type":"binary-expr","locations":[{"start":{"line":33,"column":2},"end":{"line":33,"column":44}},{"start":{"line":33,"column":48},"end":{"line":33,"column":null}}]},"5":{"loc":{"start":{"line":36,"column":2},"end":{"line":36,"column":null}},"type":"binary-expr","locations":[{"start":{"line":36,"column":2},"end":{"line":36,"column":44}},{"start":{"line":36,"column":48},"end":{"line":36,"column":null}}]},"6":{"loc":{"start":{"line":40,"column":23},"end":{"line":40,"column":88}},"type":"binary-expr","locations":[{"start":{"line":40,"column":23},"end":{"line":40,"column":42}},{"start":{"line":40,"column":46},"end":{"line":40,"column":65}},{"start":{"line":40,"column":69},"end":{"line":40,"column":88}}]},"7":{"loc":{"start":{"line":42,"column":12},"end":{"line":42,"column":18}},"type":"binary-expr","locations":[{"start":{"line":42,"column":12},"end":{"line":42,"column":18}},{"start":{"line":42,"column":12},"end":{"line":42,"column":18}}]},"8":{"loc":{"start":{"line":49,"column":2},"end":{"line":49,"column":37}},"type":"cond-expr","locations":[{"start":{"line":49,"column":9},"end":{"line":49,"column":28}},{"start":{"line":49,"column":28},"end":{"line":49,"column":37}}]},"9":{"loc":{"start":{"line":51,"column":25},"end":{"line":51,"column":null}},"type":"binary-expr","locations":[{"start":{"line":51,"column":25},"end":{"line":51,"column":46}},{"start":{"line":51,"column":50},"end":{"line":51,"column":71}},{"start":{"line":51,"column":75},"end":{"line":51,"column":null}}]},"10":{"loc":{"start":{"line":54,"column":2},"end":{"line":54,"column":70}},"type":"binary-expr","locations":[{"start":{"line":54,"column":2},"end":{"line":54,"column":30}},{"start":{"line":54,"column":34},"end":{"line":54,"column":62}},{"start":{"line":54,"column":66},"end":{"line":54,"column":70}}]}},"s":{"0":0,"1":0,"2":0,"3":0,"4":0,"5":0,"6":0,"7":0,"8":0,"9":1,"10":1,"11":0,"12":0,"13":0,"14":0,"15":0,"16":0,"17":0,"18":0,"19":0,"20":0,"21":0,"22":0,"23":0,"24":0,"25":0,"26":1,"27":1,"28":1,"29":1,"30":1,"31":1,"32":1,"33":1,"34":1,"35":1,"36":1,"37":1,"38":1,"39":1,"40":1,"41":1,"42":1,"43":1,"44":1,"45":0,"46":0,"47":1,"48":1,"49":1,"50":1,"51":1,"52":1,"53":1,"54":1,"55":1,"56":1,"57":1,"58":1},"f":{"0":0,"1":0,"2":0,"3":0,"4":0,"5":0,"6":0,"7":0,"8":0,"9":1,"10":1,"11":0,"12":0,"13":0,"14":0,"15":0,"16":0,"17":0,"18":0,"19":0,"20":0,"21":0,"22":0,"23":0,"24":0,"25":0,"26":1,"27":0,"28":0},"b":{"0":[1,1],"1":[1,1],"2":[1,0],"3":[1,1],"4":[1,1],"5":[1,1],"6":[1,1,1],"7":[1,1],"8":[0,0],"9":[1,1,1],"10":[1,1,1]}}
,"G:\\expl\\src\\common\\utils.ts": {"path":"G:\\expl\\src\\common\\utils.ts","statementMap":{"0":{"start":{"line":39,"column":13},"end":{"line":39,"column":34}},"1":{"start":{"line":46,"column":13},"end":{"line":46,"column":34}},"2":{"start":{"line":62,"column":13},"end":{"line":62,"column":19}},"3":{"start":{"line":74,"column":13},"end":{"line":74,"column":24}},"4":{"start":{"line":89,"column":16},"end":{"line":89,"column":26}},"5":{"start":{"line":99,"column":13},"end":{"line":99,"column":27}},"6":{"start":{"line":124,"column":13},"end":{"line":124,"column":25}},"7":{"start":{"line":136,"column":13},"end":{"line":136,"column":33}},"8":{"start":{"line":151,"column":13},"end":{"line":151,"column":24}},"9":{"start":{"line":154,"column":13},"end":{"line":154,"column":33}},"10":{"start":{"line":187,"column":13},"end":{"line":187,"column":31}},"11":{"start":{"line":200,"column":13},"end":{"line":200,"column":26}},"12":{"start":{"line":218,"column":13},"end":{"line":218,"column":24}},"13":{"start":{"line":233,"column":13},"end":{"line":233,"column":26}},"14":{"start":{"line":236,"column":13},"end":{"line":236,"column":28}},"15":{"start":{"line":239,"column":13},"end":{"line":239,"column":28}},"16":{"start":{"line":242,"column":13},"end":{"line":242,"column":33}},"17":{"start":{"line":245,"column":13},"end":{"line":245,"column":30}},"18":{"start":{"line":257,"column":13},"end":{"line":257,"column":26}},"19":{"start":{"line":264,"column":13},"end":{"line":264,"column":21}},"20":{"start":{"line":271,"column":13},"end":{"line":271,"column":40}},"21":{"start":{"line":275,"column":13},"end":{"line":275,"column":33}},"22":{"start":{"line":289,"column":13},"end":{"line":289,"column":27}},"23":{"start":{"line":291,"column":16},"end":{"line":291,"column":27}},"24":{"start":{"line":303,"column":13},"end":{"line":303,"column":39}},"25":{"start":{"line":308,"column":16},"end":{"line":308,"column":32}},"26":{"start":{"line":318,"column":13},"end":{"line":318,"column":20}},"27":{"start":{"line":333,"column":13},"end":{"line":333,"column":23}},"28":{"start":{"line":337,"column":13},"end":{"line":337,"column":20}},"29":{"start":{"line":346,"column":13},"end":{"line":346,"column":33}},"30":{"start":{"line":349,"column":13},"end":{"line":349,"column":31}},"31":{"start":{"line":359,"column":16},"end":{"line":359,"column":32}},"32":{"start":{"line":365,"column":13},"end":{"line":365,"column":27}},"33":{"start":{"line":368,"column":13},"end":{"line":368,"column":32}},"34":{"start":{"line":376,"column":16},"end":{"line":376,"column":29}},"35":{"start":{"line":380,"column":13},"end":{"line":380,"column":23}},"36":{"start":{"line":387,"column":13},"end":{"line":387,"column":30}},"37":{"start":{"line":391,"column":16},"end":{"line":391,"column":41}},"38":{"start":{"line":397,"column":13},"end":{"line":397,"column":42}},"39":{"start":{"line":400,"column":16},"end":{"line":400,"column":29}},"40":{"start":{"line":415,"column":13},"end":{"line":415,"column":25}},"41":{"start":{"line":420,"column":13},"end":{"line":420,"column":35}},"42":{"start":{"line":427,"column":16},"end":{"line":427,"column":25}},"43":{"start":{"line":431,"column":13},"end":{"line":431,"column":24}},"44":{"start":{"line":440,"column":16},"end":{"line":440,"column":32}},"45":{"start":{"line":450,"column":13},"end":{"line":450,"column":36}},"46":{"start":{"line":458,"column":13},"end":{"line":458,"column":27}},"47":{"start":{"line":470,"column":16},"end":{"line":470,"column":29}},"48":{"start":{"line":474,"column":13},"end":{"line":474,"column":27}},"49":{"start":{"line":1,"column":36},"end":{"line":1,"column":null}},"50":{"start":{"line":2,"column":51},"end":{"line":2,"column":null}},"51":{"start":{"line":4,"column":22},"end":{"line":4,"column":null}},"52":{"start":{"line":5,"column":33},"end":{"line":5,"column":null}},"53":{"start":{"line":6,"column":18},"end":{"line":6,"column":null}},"54":{"start":{"line":7,"column":25},"end":{"line":7,"column":null}},"55":{"start":{"line":8,"column":25},"end":{"line":8,"column":null}},"56":{"start":{"line":10,"column":18},"end":{"line":10,"column":null}},"57":{"start":{"line":17,"column":24},"end":{"line":17,"column":null}},"58":{"start":{"line":19,"column":0},"end":{"line":19,"column":null}},"59":{"start":{"line":20,"column":0},"end":{"line":20,"column":null}},"60":{"start":{"line":21,"column":0},"end":{"line":37,"column":null}},"61":{"start":{"line":39,"column":37},"end":{"line":39,"column":null}},"62":{"start":{"line":46,"column":37},"end":{"line":54,"column":null}},"63":{"start":{"line":47,"column":2},"end":{"line":53,"column":null}},"64":{"start":{"line":48,"column":4},"end":{"line":48,"column":null}},"65":{"start":{"line":48,"column":24},"end":{"line":48,"column":null}},"66":{"start":{"line":49,"column":4},"end":{"line":49,"column":null}},"67":{"start":{"line":50,"column":4},"end":{"line":50,"column":null}},"68":{"start":{"line":52,"column":4},"end":{"line":52,"column":null}},"69":{"start":{"line":62,"column":22},"end":{"line":67,"column":null}},"70":{"start":{"line":64,"column":2},"end":{"line":67,"column":null}},"71":{"start":{"line":64,"column":36},"end":{"line":64,"column":42}},"72":{"start":{"line":66,"column":4},"end":{"line":66,"column":null}},"73":{"start":{"line":66,"column":27},"end":{"line":66,"column":null}},"74":{"start":{"line":74,"column":27},"end":{"line":87,"column":null}},"75":{"start":{"line":75,"column":2},"end":{"line":75,"column":null}},"76":{"start":{"line":75,"column":12},"end":{"line":75,"column":null}},"77":{"start":{"line":76,"column":20},"end":{"line":76,"column":null}},"78":{"start":{"line":77,"column":24},"end":{"line":77,"column":null}},"79":{"start":{"line":78,"column":15},"end":{"line":78,"column":null}},"80":{"start":{"line":79,"column":2},"end":{"line":81,"column":3}},"81":{"start":{"line":80,"column":4},"end":{"line":80,"column":null}},"82":{"start":{"line":82,"column":2},"end":{"line":84,"column":3}},"83":{"start":{"line":83,"column":4},"end":{"line":83,"column":null}},"84":{"start":{"line":86,"column":2},"end":{"line":86,"column":null}},"85":{"start":{"line":90,"column":2},"end":{"line":90,"column":null}},"86":{"start":{"line":99,"column":30},"end":{"line":117,"column":null}},"87":{"start":{"line":100,"column":2},"end":{"line":100,"column":null}},"88":{"start":{"line":100,"column":14},"end":{"line":100,"column":null}},"89":{"start":{"line":102,"column":2},"end":{"line":104,"column":3}},"90":{"start":{"line":103,"column":4},"end":{"line":103,"column":null}},"91":{"start":{"line":106,"column":2},"end":{"line":116,"column":3}},"92":{"start":{"line":107,"column":18},"end":{"line":107,"column":null}},"93":{"start":{"line":108,"column":18},"end":{"line":108,"column":null}},"94":{"start":{"line":109,"column":16},"end":{"line":109,"column":null}},"95":{"start":{"line":110,"column":4},"end":{"line":110,"column":null}},"96":{"start":{"line":113,"column":18},"end":{"line":113,"column":null}},"97":{"start":{"line":114,"column":16},"end":{"line":114,"column":null}},"98":{"start":{"line":115,"column":4},"end":{"line":115,"column":null}},"99":{"start":{"line":124,"column":28},"end":{"line":129,"column":null}},"100":{"start":{"line":125,"column":16},"end":{"line":125,"column":null}},"101":{"start":{"line":126,"column":18},"end":{"line":126,"column":null}},"102":{"start":{"line":128,"column":2},"end":{"line":128,"column":null}},"103":{"start":{"line":136,"column":36},"end":{"line":149,"column":null}},"104":{"start":{"line":137,"column":2},"end":{"line":137,"column":null}},"105":{"start":{"line":137,"column":37},"end":{"line":137,"column":null}},"106":{"start":{"line":139,"column":21},"end":{"line":139,"column":49}},"107":{"start":{"line":140,"column":23},"end":{"line":140,"column":51}},"108":{"start":{"line":141,"column":20},"end":{"line":141,"column":null}},"109":{"start":{"line":142,"column":2},"end":{"line":148,"column":null}},"110":{"start":{"line":143,"column":31},"end":{"line":143,"column":null}},"111":{"start":{"line":144,"column":22},"end":{"line":144,"column":null}},"112":{"start":{"line":145,"column":4},"end":{"line":145,"column":null}},"113":{"start":{"line":147,"column":4},"end":{"line":147,"column":null}},"114":{"start":{"line":151,"column":27},"end":{"line":152,"column":76}},"115":{"start":{"line":152,"column":2},"end":{"line":152,"column":76}},"116":{"start":{"line":154,"column":36},"end":{"line":185,"column":null}},"117":{"start":{"line":155,"column":2},"end":{"line":160,"column":3}},"118":{"start":{"line":156,"column":4},"end":{"line":159,"column":null}},"119":{"start":{"line":162,"column":2},"end":{"line":166,"column":3}},"120":{"start":{"line":163,"column":4},"end":{"line":165,"column":null}},"121":{"start":{"line":168,"column":2},"end":{"line":173,"column":3}},"122":{"start":{"line":169,"column":4},"end":{"line":172,"column":null}},"123":{"start":{"line":175,"column":2},"end":{"line":184,"column":3}},"124":{"start":{"line":176,"column":4},"end":{"line":178,"column":null}},"125":{"start":{"line":180,"column":4},"end":{"line":183,"column":null}},"126":{"start":{"line":187,"column":34},"end":{"line":192,"column":null}},"127":{"start":{"line":188,"column":2},"end":{"line":191,"column":null}},"128":{"start":{"line":200,"column":29},"end":{"line":209,"column":null}},"129":{"start":{"line":204,"column":16},"end":{"line":204,"column":null}},"130":{"start":{"line":205,"column":2},"end":{"line":207,"column":3}},"131":{"start":{"line":206,"column":4},"end":{"line":206,"column":null}},"132":{"start":{"line":208,"column":2},"end":{"line":208,"column":null}},"133":{"start":{"line":218,"column":27},"end":{"line":226,"column":null}},"134":{"start":{"line":223,"column":22},"end":{"line":223,"column":95}},"135":{"start":{"line":224,"column":16},"end":{"line":224,"column":null}},"136":{"start":{"line":225,"column":2},"end":{"line":225,"column":null}},"137":{"start":{"line":233,"column":29},"end":{"line":234,"column":81}},"138":{"start":{"line":234,"column":2},"end":{"line":234,"column":81}},"139":{"start":{"line":236,"column":31},"end":{"line":237,"column":34}},"140":{"start":{"line":237,"column":2},"end":{"line":237,"column":34}},"141":{"start":{"line":239,"column":31},"end":{"line":241,"column":null}},"142":{"start":{"line":240,"column":2},"end":{"line":240,"column":null}},"143":{"start":{"line":242,"column":36},"end":{"line":243,"column":52}},"144":{"start":{"line":243,"column":2},"end":{"line":243,"column":52}},"145":{"start":{"line":245,"column":33},"end":{"line":255,"column":null}},"146":{"start":{"line":246,"column":18},"end":{"line":246,"column":49}},"147":{"start":{"line":247,"column":19},"end":{"line":247,"column":68}},"148":{"start":{"line":248,"column":16},"end":{"line":248,"column":null}},"149":{"start":{"line":250,"column":2},"end":{"line":254,"column":null}},"150":{"start":{"line":257,"column":29},"end":{"line":262,"column":10}},"151":{"start":{"line":258,"column":2},"end":{"line":262,"column":10}},"152":{"start":{"line":264,"column":24},"end":{"line":268,"column":97}},"153":{"start":{"line":268,"column":3},"end":{"line":268,"column":97}},"154":{"start":{"line":271,"column":43},"end":{"line":273,"column":null}},"155":{"start":{"line":272,"column":2},"end":{"line":272,"column":null}},"156":{"start":{"line":275,"column":36},"end":{"line":287,"column":null}},"157":{"start":{"line":276,"column":12},"end":{"line":276,"column":null}},"158":{"start":{"line":277,"column":2},"end":{"line":285,"column":null}},"159":{"start":{"line":278,"column":18},"end":{"line":278,"column":null}},"160":{"start":{"line":280,"column":6},"end":{"line":284,"column":7}},"161":{"start":{"line":281,"column":8},"end":{"line":281,"column":null}},"162":{"start":{"line":283,"column":8},"end":{"line":283,"column":null}},"163":{"start":{"line":286,"column":2},"end":{"line":286,"column":null}},"164":{"start":{"line":289,"column":30},"end":{"line":289,"column":null}},"165":{"start":{"line":289,"column":54},"end":{"line":289,"column":null}},"166":{"start":{"line":292,"column":19},"end":{"line":298,"column":null}},"167":{"start":{"line":300,"column":2},"end":{"line":300,"column":null}},"168":{"start":{"line":303,"column":42},"end":{"line":306,"column":70}},"169":{"start":{"line":306,"column":2},"end":{"line":306,"column":70}},"170":{"start":{"line":309,"column":13},"end":{"line":309,"column":null}},"171":{"start":{"line":310,"column":2},"end":{"line":312,"column":null}},"172":{"start":{"line":310,"column":15},"end":{"line":310,"column":18}},"173":{"start":{"line":311,"column":4},"end":{"line":311,"column":null}},"174":{"start":{"line":314,"column":14},"end":{"line":314,"column":null}},"175":{"start":{"line":315,"column":2},"end":{"line":315,"column":null}},"176":{"start":{"line":318,"column":23},"end":{"line":331,"column":null}},"177":{"start":{"line":322,"column":2},"end":{"line":322,"column":null}},"178":{"start":{"line":322,"column":73},"end":{"line":322,"column":null}},"179":{"start":{"line":323,"column":2},"end":{"line":330,"column":3}},"180":{"start":{"line":325,"column":4},"end":{"line":325,"column":null}},"181":{"start":{"line":326,"column":9},"end":{"line":330,"column":3}},"182":{"start":{"line":329,"column":4},"end":{"line":329,"column":null}},"183":{"start":{"line":333,"column":26},"end":{"line":335,"column":null}},"184":{"start":{"line":334,"column":2},"end":{"line":334,"column":null}},"185":{"start":{"line":337,"column":23},"end":{"line":344,"column":null}},"186":{"start":{"line":338,"column":2},"end":{"line":342,"column":3}},"187":{"start":{"line":339,"column":4},"end":{"line":341,"column":5}},"188":{"start":{"line":340,"column":6},"end":{"line":340,"column":null}},"189":{"start":{"line":343,"column":2},"end":{"line":343,"column":null}},"190":{"start":{"line":346,"column":36},"end":{"line":347,"column":44}},"191":{"start":{"line":347,"column":2},"end":{"line":347,"column":44}},"192":{"start":{"line":349,"column":34},"end":{"line":357,"column":null}},"193":{"start":{"line":350,"column":20},"end":{"line":350,"column":null}},"194":{"start":{"line":352,"column":2},"end":{"line":356,"column":null}},"195":{"start":{"line":360,"column":2},"end":{"line":361,"column":null}},"196":{"start":{"line":365,"column":30},"end":{"line":366,"column":65}},"197":{"start":{"line":366,"column":2},"end":{"line":366,"column":65}},"198":{"start":{"line":368,"column":35},"end":{"line":374,"column":null}},"199":{"start":{"line":369,"column":2},"end":{"line":369,"column":null}},"200":{"start":{"line":369,"column":11},"end":{"line":369,"column":null}},"201":{"start":{"line":371,"column":2},"end":{"line":371,"column":null}},"202":{"start":{"line":371,"column":38},"end":{"line":371,"column":null}},"203":{"start":{"line":372,"column":2},"end":{"line":372,"column":null}},"204":{"start":{"line":372,"column":39},"end":{"line":372,"column":null}},"205":{"start":{"line":373,"column":2},"end":{"line":373,"column":null}},"206":{"start":{"line":377,"column":2},"end":{"line":377,"column":null}},"207":{"start":{"line":380,"column":26},"end":{"line":385,"column":null}},"208":{"start":{"line":381,"column":2},"end":{"line":384,"column":null}},"209":{"start":{"line":387,"column":33},"end":{"line":389,"column":null}},"210":{"start":{"line":388,"column":2},"end":{"line":388,"column":null}},"211":{"start":{"line":392,"column":2},"end":{"line":394,"column":null}},"212":{"start":{"line":394,"column":18},"end":{"line":394,"column":44}},"213":{"start":{"line":397,"column":45},"end":{"line":398,"column":null}},"214":{"start":{"line":398,"column":2},"end":{"line":398,"column":null}},"215":{"start":{"line":404,"column":2},"end":{"line":404,"column":null}},"216":{"start":{"line":404,"column":36},"end":{"line":404,"column":null}},"217":{"start":{"line":405,"column":21},"end":{"line":405,"column":null}},"218":{"start":{"line":406,"column":2},"end":{"line":412,"column":null}},"219":{"start":{"line":415,"column":28},"end":{"line":418,"column":null}},"220":{"start":{"line":420,"column":38},"end":{"line":425,"column":null}},"221":{"start":{"line":428,"column":2},"end":{"line":428,"column":null}},"222":{"start":{"line":431,"column":27},"end":{"line":438,"column":null}},"223":{"start":{"line":432,"column":2},"end":{"line":432,"column":null}},"224":{"start":{"line":432,"column":14},"end":{"line":432,"column":null}},"225":{"start":{"line":433,"column":14},"end":{"line":433,"column":null}},"226":{"start":{"line":434,"column":12},"end":{"line":434,"column":null}},"227":{"start":{"line":435,"column":2},"end":{"line":436,"column":null}},"228":{"start":{"line":435,"column":15},"end":{"line":435,"column":18}},"229":{"start":{"line":436,"column":4},"end":{"line":436,"column":null}},"230":{"start":{"line":437,"column":2},"end":{"line":437,"column":null}},"231":{"start":{"line":441,"column":2},"end":{"line":441,"column":null}},"232":{"start":{"line":441,"column":16},"end":{"line":441,"column":null}},"233":{"start":{"line":442,"column":35},"end":{"line":442,"column":null}},"234":{"start":{"line":443,"column":14},"end":{"line":443,"column":null}},"235":{"start":{"line":444,"column":16},"end":{"line":444,"column":null}},"236":{"start":{"line":445,"column":18},"end":{"line":445,"column":null}},"237":{"start":{"line":446,"column":2},"end":{"line":446,"column":null}},"238":{"start":{"line":446,"column":42},"end":{"line":446,"column":null}},"239":{"start":{"line":447,"column":2},"end":{"line":447,"column":null}},"240":{"start":{"line":450,"column":39},"end":{"line":456,"column":null}},"241":{"start":{"line":451,"column":2},"end":{"line":455,"column":null}},"242":{"start":{"line":452,"column":4},"end":{"line":452,"column":null}},"243":{"start":{"line":454,"column":4},"end":{"line":454,"column":null}},"244":{"start":{"line":458,"column":30},"end":{"line":468,"column":null}},"245":{"start":{"line":459,"column":14},"end":{"line":459,"column":null}},"246":{"start":{"line":460,"column":14},"end":{"line":460,"column":null}},"247":{"start":{"line":461,"column":2},"end":{"line":463,"column":3}},"248":{"start":{"line":462,"column":4},"end":{"line":462,"column":null}},"249":{"start":{"line":464,"column":2},"end":{"line":466,"column":3}},"250":{"start":{"line":465,"column":4},"end":{"line":465,"column":null}},"251":{"start":{"line":467,"column":2},"end":{"line":467,"column":null}},"252":{"start":{"line":471,"column":2},"end":{"line":471,"column":null}},"253":{"start":{"line":474,"column":30},"end":{"line":477,"column":null}},"254":{"start":{"line":475,"column":17},"end":{"line":475,"column":98}},"255":{"start":{"line":476,"column":2},"end":{"line":476,"column":null}}},"fnMap":{"0":{"name":"(anonymous_1)","decl":{"start":{"line":39,"column":34},"end":{"line":39,"column":37}},"loc":{"start":{"line":39,"column":13},"end":{"line":39,"column":34}}},"1":{"name":"(anonymous_2)","decl":{"start":{"line":46,"column":34},"end":{"line":46,"column":37}},"loc":{"start":{"line":46,"column":13},"end":{"line":46,"column":34}}},"2":{"name":"(anonymous_3)","decl":{"start":{"line":62,"column":19},"end":{"line":62,"column":22}},"loc":{"start":{"line":62,"column":13},"end":{"line":62,"column":19}}},"3":{"name":"(anonymous_4)","decl":{"start":{"line":74,"column":24},"end":{"line":74,"column":27}},"loc":{"start":{"line":74,"column":13},"end":{"line":74,"column":24}}},"4":{"name":"(anonymous_5)","decl":{"start":{"line":89,"column":26},"end":{"line":89,"column":27}},"loc":{"start":{"line":89,"column":16},"end":{"line":89,"column":26}}},"5":{"name":"(anonymous_6)","decl":{"start":{"line":99,"column":27},"end":{"line":99,"column":30}},"loc":{"start":{"line":99,"column":13},"end":{"line":99,"column":27}}},"6":{"name":"(anonymous_7)","decl":{"start":{"line":124,"column":25},"end":{"line":124,"column":28}},"loc":{"start":{"line":124,"column":13},"end":{"line":124,"column":25}}},"7":{"name":"(anonymous_8)","decl":{"start":{"line":136,"column":33},"end":{"line":136,"column":36}},"loc":{"start":{"line":136,"column":13},"end":{"line":136,"column":33}}},"8":{"name":"(anonymous_9)","decl":{"start":{"line":151,"column":24},"end":{"line":151,"column":27}},"loc":{"start":{"line":151,"column":13},"end":{"line":151,"column":24}}},"9":{"name":"(anonymous_10)","decl":{"start":{"line":154,"column":33},"end":{"line":154,"column":36}},"loc":{"start":{"line":154,"column":13},"end":{"line":154,"column":33}}},"10":{"name":"(anonymous_11)","decl":{"start":{"line":187,"column":31},"end":{"line":187,"column":34}},"loc":{"start":{"line":187,"column":13},"end":{"line":187,"column":31}}},"11":{"name":"(anonymous_12)","decl":{"start":{"line":200,"column":26},"end":{"line":200,"column":29}},"loc":{"start":{"line":200,"column":13},"end":{"line":200,"column":26}}},"12":{"name":"(anonymous_13)","decl":{"start":{"line":218,"column":24},"end":{"line":218,"column":27}},"loc":{"start":{"line":218,"column":13},"end":{"line":218,"column":24}}},"13":{"name":"(anonymous_14)","decl":{"start":{"line":233,"column":26},"end":{"line":233,"column":29}},"loc":{"start":{"line":233,"column":13},"end":{"line":233,"column":26}}},"14":{"name":"(anonymous_15)","decl":{"start":{"line":236,"column":28},"end":{"line":236,"column":31}},"loc":{"start":{"line":236,"column":13},"end":{"line":236,"column":28}}},"15":{"name":"(anonymous_16)","decl":{"start":{"line":239,"column":28},"end":{"line":239,"column":31}},"loc":{"start":{"line":239,"column":13},"end":{"line":239,"column":28}}},"16":{"name":"(anonymous_17)","decl":{"start":{"line":242,"column":33},"end":{"line":242,"column":36}},"loc":{"start":{"line":242,"column":13},"end":{"line":242,"column":33}}},"17":{"name":"(anonymous_18)","decl":{"start":{"line":245,"column":30},"end":{"line":245,"column":33}},"loc":{"start":{"line":245,"column":13},"end":{"line":245,"column":30}}},"18":{"name":"(anonymous_19)","decl":{"start":{"line":257,"column":26},"end":{"line":257,"column":29}},"loc":{"start":{"line":257,"column":13},"end":{"line":257,"column":26}}},"19":{"name":"(anonymous_20)","decl":{"start":{"line":264,"column":21},"end":{"line":264,"column":24}},"loc":{"start":{"line":264,"column":13},"end":{"line":264,"column":21}}},"20":{"name":"(anonymous_21)","decl":{"start":{"line":271,"column":40},"end":{"line":271,"column":43}},"loc":{"start":{"line":271,"column":13},"end":{"line":271,"column":40}}},"21":{"name":"(anonymous_22)","decl":{"start":{"line":275,"column":33},"end":{"line":275,"column":36}},"loc":{"start":{"line":275,"column":13},"end":{"line":275,"column":33}}},"22":{"name":"(anonymous_23)","decl":{"start":{"line":289,"column":27},"end":{"line":289,"column":30}},"loc":{"start":{"line":289,"column":13},"end":{"line":289,"column":27}}},"23":{"name":"(anonymous_24)","decl":{"start":{"line":291,"column":27},"end":{"line":291,"column":28}},"loc":{"start":{"line":291,"column":16},"end":{"line":291,"column":27}}},"24":{"name":"(anonymous_25)","decl":{"start":{"line":303,"column":39},"end":{"line":303,"column":42}},"loc":{"start":{"line":303,"column":13},"end":{"line":303,"column":39}}},"25":{"name":"(anonymous_26)","decl":{"start":{"line":308,"column":32},"end":{"line":308,"column":33}},"loc":{"start":{"line":308,"column":16},"end":{"line":308,"column":32}}},"26":{"name":"(anonymous_27)","decl":{"start":{"line":318,"column":20},"end":{"line":318,"column":23}},"loc":{"start":{"line":318,"column":13},"end":{"line":318,"column":20}}},"27":{"name":"(anonymous_28)","decl":{"start":{"line":333,"column":23},"end":{"line":333,"column":26}},"loc":{"start":{"line":333,"column":13},"end":{"line":333,"column":23}}},"28":{"name":"(anonymous_29)","decl":{"start":{"line":337,"column":20},"end":{"line":337,"column":23}},"loc":{"start":{"line":337,"column":13},"end":{"line":337,"column":20}}},"29":{"name":"(anonymous_30)","decl":{"start":{"line":346,"column":33},"end":{"line":346,"column":36}},"loc":{"start":{"line":346,"column":13},"end":{"line":346,"column":33}}},"30":{"name":"(anonymous_31)","decl":{"start":{"line":349,"column":31},"end":{"line":349,"column":34}},"loc":{"start":{"line":349,"column":13},"end":{"line":349,"column":31}}},"31":{"name":"(anonymous_32)","decl":{"start":{"line":359,"column":32},"end":{"line":359,"column":33}},"loc":{"start":{"line":359,"column":16},"end":{"line":359,"column":32}}},"32":{"name":"(anonymous_33)","decl":{"start":{"line":365,"column":27},"end":{"line":365,"column":30}},"loc":{"start":{"line":365,"column":13},"end":{"line":365,"column":27}}},"33":{"name":"(anonymous_34)","decl":{"start":{"line":368,"column":32},"end":{"line":368,"column":35}},"loc":{"start":{"line":368,"column":13},"end":{"line":368,"column":32}}},"34":{"name":"(anonymous_35)","decl":{"start":{"line":376,"column":29},"end":{"line":376,"column":30}},"loc":{"start":{"line":376,"column":16},"end":{"line":376,"column":29}}},"35":{"name":"(anonymous_36)","decl":{"start":{"line":380,"column":23},"end":{"line":380,"column":26}},"loc":{"start":{"line":380,"column":13},"end":{"line":380,"column":23}}},"36":{"name":"(anonymous_37)","decl":{"start":{"line":387,"column":30},"end":{"line":387,"column":33}},"loc":{"start":{"line":387,"column":13},"end":{"line":387,"column":30}}},"37":{"name":"(anonymous_38)","decl":{"start":{"line":391,"column":41},"end":{"line":391,"column":44}},"loc":{"start":{"line":391,"column":16},"end":{"line":391,"column":41}}},"38":{"name":"(anonymous_39)","decl":{"start":{"line":397,"column":42},"end":{"line":397,"column":45}},"loc":{"start":{"line":397,"column":13},"end":{"line":397,"column":42}}},"39":{"name":"(anonymous_40)","decl":{"start":{"line":400,"column":29},"end":{"line":400,"column":null}},"loc":{"start":{"line":400,"column":16},"end":{"line":400,"column":29}}},"40":{"name":"(anonymous_41)","decl":{"start":{"line":415,"column":25},"end":{"line":415,"column":28}},"loc":{"start":{"line":415,"column":13},"end":{"line":415,"column":25}}},"41":{"name":"(anonymous_42)","decl":{"start":{"line":420,"column":35},"end":{"line":420,"column":38}},"loc":{"start":{"line":420,"column":13},"end":{"line":420,"column":35}}},"42":{"name":"(anonymous_43)","decl":{"start":{"line":427,"column":25},"end":{"line":427,"column":26}},"loc":{"start":{"line":427,"column":16},"end":{"line":427,"column":25}}},"43":{"name":"(anonymous_44)","decl":{"start":{"line":431,"column":24},"end":{"line":431,"column":27}},"loc":{"start":{"line":431,"column":13},"end":{"line":431,"column":24}}},"44":{"name":"(anonymous_45)","decl":{"start":{"line":440,"column":32},"end":{"line":440,"column":33}},"loc":{"start":{"line":440,"column":16},"end":{"line":440,"column":32}}},"45":{"name":"(anonymous_46)","decl":{"start":{"line":450,"column":36},"end":{"line":450,"column":39}},"loc":{"start":{"line":450,"column":13},"end":{"line":450,"column":36}}},"46":{"name":"(anonymous_47)","decl":{"start":{"line":458,"column":27},"end":{"line":458,"column":30}},"loc":{"start":{"line":458,"column":13},"end":{"line":458,"column":27}}},"47":{"name":"(anonymous_48)","decl":{"start":{"line":470,"column":29},"end":{"line":470,"column":30}},"loc":{"start":{"line":470,"column":16},"end":{"line":470,"column":29}}},"48":{"name":"(anonymous_49)","decl":{"start":{"line":474,"column":27},"end":{"line":474,"column":30}},"loc":{"start":{"line":474,"column":13},"end":{"line":474,"column":27}}},"49":{"name":"(anonymous_51)","decl":{"start":{"line":46,"column":37},"end":{"line":46,"column":38}},"loc":{"start":{"line":46,"column":74},"end":{"line":54,"column":null}}},"50":{"name":"(anonymous_52)","decl":{"start":{"line":62,"column":22},"end":{"line":62,"column":23}},"loc":{"start":{"line":64,"column":2},"end":{"line":67,"column":null}}},"51":{"name":"(anonymous_53)","decl":{"start":{"line":64,"column":31},"end":{"line":64,"column":36}},"loc":{"start":{"line":64,"column":36},"end":{"line":64,"column":42}}},"52":{"name":"(anonymous_54)","decl":{"start":{"line":64,"column":50},"end":{"line":64,"column":56}},"loc":{"start":{"line":64,"column":56},"end":{"line":67,"column":null}}},"53":{"name":"(anonymous_55)","decl":{"start":{"line":66,"column":22},"end":{"line":66,"column":27}},"loc":{"start":{"line":66,"column":27},"end":{"line":66,"column":null}}},"54":{"name":"(anonymous_56)","decl":{"start":{"line":74,"column":27},"end":{"line":74,"column":28}},"loc":{"start":{"line":74,"column":52},"end":{"line":87,"column":null}}},"55":{"name":"shortenHex","decl":{"start":{"line":89,"column":16},"end":{"line":89,"column":26}},"loc":{"start":{"line":89,"column":52},"end":{"line":91,"column":null}}},"56":{"name":"(anonymous_58)","decl":{"start":{"line":99,"column":30},"end":{"line":99,"column":31}},"loc":{"start":{"line":99,"column":69},"end":{"line":117,"column":null}}},"57":{"name":"(anonymous_59)","decl":{"start":{"line":124,"column":28},"end":{"line":124,"column":29}},"loc":{"start":{"line":124,"column":52},"end":{"line":129,"column":null}}},"58":{"name":"(anonymous_60)","decl":{"start":{"line":136,"column":36},"end":{"line":136,"column":37}},"loc":{"start":{"line":136,"column":73},"end":{"line":149,"column":null}}},"59":{"name":"(anonymous_61)","decl":{"start":{"line":151,"column":27},"end":{"line":151,"column":28}},"loc":{"start":{"line":152,"column":2},"end":{"line":152,"column":76}}},"60":{"name":"(anonymous_62)","decl":{"start":{"line":154,"column":36},"end":{"line":154,"column":37}},"loc":{"start":{"line":154,"column":96},"end":{"line":185,"column":null}}},"61":{"name":"(anonymous_63)","decl":{"start":{"line":187,"column":34},"end":{"line":187,"column":35}},"loc":{"start":{"line":187,"column":70},"end":{"line":192,"column":null}}},"62":{"name":"(anonymous_64)","decl":{"start":{"line":200,"column":29},"end":{"line":200,"column":null}},"loc":{"start":{"line":203,"column":22},"end":{"line":209,"column":null}}},"63":{"name":"(anonymous_65)","decl":{"start":{"line":218,"column":27},"end":{"line":218,"column":null}},"loc":{"start":{"line":222,"column":13},"end":{"line":226,"column":null}}},"64":{"name":"(anonymous_66)","decl":{"start":{"line":233,"column":29},"end":{"line":233,"column":30}},"loc":{"start":{"line":234,"column":2},"end":{"line":234,"column":81}}},"65":{"name":"(anonymous_67)","decl":{"start":{"line":236,"column":31},"end":{"line":236,"column":32}},"loc":{"start":{"line":237,"column":2},"end":{"line":237,"column":34}}},"66":{"name":"(anonymous_68)","decl":{"start":{"line":239,"column":31},"end":{"line":239,"column":32}},"loc":{"start":{"line":239,"column":56},"end":{"line":241,"column":null}}},"67":{"name":"(anonymous_69)","decl":{"start":{"line":242,"column":36},"end":{"line":242,"column":37}},"loc":{"start":{"line":243,"column":2},"end":{"line":243,"column":52}}},"68":{"name":"(anonymous_70)","decl":{"start":{"line":245,"column":33},"end":{"line":245,"column":34}},"loc":{"start":{"line":245,"column":64},"end":{"line":255,"column":null}}},"69":{"name":"(anonymous_71)","decl":{"start":{"line":257,"column":29},"end":{"line":257,"column":30}},"loc":{"start":{"line":258,"column":2},"end":{"line":262,"column":10}}},"70":{"name":"(anonymous_72)","decl":{"start":{"line":264,"column":24},"end":{"line":264,"column":25}},"loc":{"start":{"line":268,"column":3},"end":{"line":268,"column":97}}},"71":{"name":"(anonymous_73)","decl":{"start":{"line":271,"column":43},"end":{"line":271,"column":44}},"loc":{"start":{"line":271,"column":74},"end":{"line":273,"column":null}}},"72":{"name":"(anonymous_74)","decl":{"start":{"line":275,"column":36},"end":{"line":275,"column":37}},"loc":{"start":{"line":275,"column":92},"end":{"line":287,"column":null}}},"73":{"name":"(anonymous_75)","decl":{"start":{"line":278,"column":12},"end":{"line":278,"column":18}},"loc":{"start":{"line":278,"column":18},"end":{"line":278,"column":null}}},"74":{"name":"(anonymous_76)","decl":{"start":{"line":279,"column":13},"end":{"line":279,"column":14}},"loc":{"start":{"line":279,"column":39},"end":{"line":285,"column":null}}},"75":{"name":"(anonymous_77)","decl":{"start":{"line":289,"column":30},"end":{"line":289,"column":31}},"loc":{"start":{"line":289,"column":54},"end":{"line":289,"column":null}}},"76":{"name":"isPendingTx","decl":{"start":{"line":291,"column":16},"end":{"line":291,"column":27}},"loc":{"start":{"line":291,"column":66},"end":{"line":301,"column":null}}},"77":{"name":"(anonymous_79)","decl":{"start":{"line":303,"column":42},"end":{"line":303,"column":null}},"loc":{"start":{"line":306,"column":2},"end":{"line":306,"column":70}}},"78":{"name":"stringToHslColor","decl":{"start":{"line":308,"column":16},"end":{"line":308,"column":32}},"loc":{"start":{"line":308,"column":93},"end":{"line":316,"column":null}}},"79":{"name":"(anonymous_81)","decl":{"start":{"line":318,"column":23},"end":{"line":318,"column":null}},"loc":{"start":{"line":321,"column":5},"end":{"line":331,"column":null}}},"80":{"name":"(anonymous_82)","decl":{"start":{"line":333,"column":26},"end":{"line":333,"column":27}},"loc":{"start":{"line":333,"column":41},"end":{"line":335,"column":null}}},"81":{"name":"(anonymous_83)","decl":{"start":{"line":337,"column":23},"end":{"line":337,"column":29}},"loc":{"start":{"line":337,"column":29},"end":{"line":344,"column":null}}},"82":{"name":"(anonymous_84)","decl":{"start":{"line":346,"column":36},"end":{"line":346,"column":37}},"loc":{"start":{"line":347,"column":2},"end":{"line":347,"column":44}}},"83":{"name":"(anonymous_85)","decl":{"start":{"line":349,"column":34},"end":{"line":349,"column":35}},"loc":{"start":{"line":349,"column":91},"end":{"line":357,"column":null}}},"84":{"name":"isReactComponent","decl":{"start":{"line":359,"column":16},"end":{"line":359,"column":32}},"loc":{"start":{"line":359,"column":44},"end":{"line":363,"column":null}}},"85":{"name":"(anonymous_87)","decl":{"start":{"line":365,"column":30},"end":{"line":365,"column":31}},"loc":{"start":{"line":366,"column":2},"end":{"line":366,"column":65}}},"86":{"name":"(anonymous_88)","decl":{"start":{"line":368,"column":35},"end":{"line":368,"column":36}},"loc":{"start":{"line":368,"column":78},"end":{"line":374,"column":null}}},"87":{"name":"initBigNumber","decl":{"start":{"line":376,"column":16},"end":{"line":376,"column":29}},"loc":{"start":{"line":376,"column":64},"end":{"line":378,"column":null}}},"88":{"name":"(anonymous_90)","decl":{"start":{"line":380,"column":26},"end":{"line":380,"column":27}},"loc":{"start":{"line":380,"column":84},"end":{"line":385,"column":null}}},"89":{"name":"(anonymous_91)","decl":{"start":{"line":387,"column":33},"end":{"line":387,"column":34}},"loc":{"start":{"line":387,"column":91},"end":{"line":389,"column":null}}},"90":{"name":"getLocaleDecimalSeparator","decl":{"start":{"line":391,"column":16},"end":{"line":391,"column":41}},"loc":{"start":{"line":391,"column":44},"end":{"line":395,"column":null}}},"91":{"name":"(anonymous_93)","decl":{"start":{"line":394,"column":10},"end":{"line":394,"column":18}},"loc":{"start":{"line":394,"column":18},"end":{"line":394,"column":44}}},"92":{"name":"(anonymous_94)","decl":{"start":{"line":397,"column":45},"end":{"line":397,"column":46}},"loc":{"start":{"line":398,"column":2},"end":{"line":398,"column":null}}},"93":{"name":"getContractId","decl":{"start":{"line":400,"column":16},"end":{"line":400,"column":29}},"loc":{"start":{"line":403,"column":2},"end":{"line":413,"column":null}}},"94":{"name":"isNumeric","decl":{"start":{"line":427,"column":16},"end":{"line":427,"column":25}},"loc":{"start":{"line":427,"column":50},"end":{"line":429,"column":null}}},"95":{"name":"(anonymous_97)","decl":{"start":{"line":431,"column":27},"end":{"line":431,"column":28}},"loc":{"start":{"line":431,"column":47},"end":{"line":438,"column":null}}},"96":{"name":"getNextPageParam","decl":{"start":{"line":440,"column":16},"end":{"line":440,"column":32}},"loc":{"start":{"line":440,"column":93},"end":{"line":448,"column":null}}},"97":{"name":"(anonymous_99)","decl":{"start":{"line":450,"column":39},"end":{"line":450,"column":45}},"loc":{"start":{"line":450,"column":45},"end":{"line":456,"column":null}}},"98":{"name":"(anonymous_100)","decl":{"start":{"line":458,"column":30},"end":{"line":458,"column":31}},"loc":{"start":{"line":458,"column":49},"end":{"line":468,"column":null}}},"99":{"name":"microStxToStx","decl":{"start":{"line":470,"column":16},"end":{"line":470,"column":29}},"loc":{"start":{"line":470,"column":74},"end":{"line":472,"column":null}}},"100":{"name":"(anonymous_102)","decl":{"start":{"line":474,"column":30},"end":{"line":474,"column":31}},"loc":{"start":{"line":474,"column":55},"end":{"line":477,"column":null}}}},"branchMap":{"0":{"loc":{"start":{"line":48,"column":4},"end":{"line":48,"column":null}},"type":"if","locations":[{"start":{"line":48,"column":4},"end":{"line":48,"column":null}}]},"1":{"loc":{"start":{"line":75,"column":2},"end":{"line":75,"column":null}},"type":"if","locations":[{"start":{"line":75,"column":2},"end":{"line":75,"column":null}}]},"2":{"loc":{"start":{"line":79,"column":2},"end":{"line":81,"column":3}},"type":"if","locations":[{"start":{"line":79,"column":2},"end":{"line":81,"column":3}}]},"3":{"loc":{"start":{"line":82,"column":2},"end":{"line":84,"column":3}},"type":"if","locations":[{"start":{"line":82,"column":2},"end":{"line":84,"column":3}}]},"4":{"loc":{"start":{"line":89,"column":40},"end":{"line":89,"column":50}},"type":"default-arg","locations":[{"start":{"line":89,"column":49},"end":{"line":89,"column":50}}]},"5":{"loc":{"start":{"line":99,"column":46},"end":{"line":99,"column":56}},"type":"default-arg","locations":[{"start":{"line":99,"column":55},"end":{"line":99,"column":56}}]},"6":{"loc":{"start":{"line":100,"column":2},"end":{"line":100,"column":null}},"type":"if","locations":[{"start":{"line":100,"column":2},"end":{"line":100,"column":null}}]},"7":{"loc":{"start":{"line":102,"column":2},"end":{"line":104,"column":3}},"type":"if","locations":[{"start":{"line":102,"column":2},"end":{"line":104,"column":3}}]},"8":{"loc":{"start":{"line":106,"column":2},"end":{"line":116,"column":3}},"type":"if","locations":[{"start":{"line":106,"column":2},"end":{"line":116,"column":3}},{"start":{"line":111,"column":9},"end":{"line":116,"column":3}}]},"9":{"loc":{"start":{"line":137,"column":2},"end":{"line":137,"column":null}},"type":"if","locations":[{"start":{"line":137,"column":2},"end":{"line":137,"column":null}}]},"10":{"loc":{"start":{"line":145,"column":14},"end":{"line":145,"column":44}},"type":"binary-expr","locations":[{"start":{"line":145,"column":14},"end":{"line":145,"column":27}},{"start":{"line":145,"column":27},"end":{"line":145,"column":44}}]},"11":{"loc":{"start":{"line":152,"column":2},"end":{"line":152,"column":76}},"type":"cond-expr","locations":[{"start":{"line":152,"column":24},"end":{"line":152,"column":32}},{"start":{"line":152,"column":32},"end":{"line":152,"column":76}}]},"12":{"loc":{"start":{"line":152,"column":32},"end":{"line":152,"column":76}},"type":"cond-expr","locations":[{"start":{"line":152,"column":56},"end":{"line":152,"column":71}},{"start":{"line":152,"column":71},"end":{"line":152,"column":76}}]},"13":{"loc":{"start":{"line":155,"column":2},"end":{"line":160,"column":3}},"type":"if","locations":[{"start":{"line":155,"column":2},"end":{"line":160,"column":3}}]},"14":{"loc":{"start":{"line":155,"column":6},"end":{"line":155,"column":36}},"type":"binary-expr","locations":[{"start":{"line":155,"column":6},"end":{"line":155,"column":16}},{"start":{"line":155,"column":16},"end":{"line":155,"column":36}}]},"15":{"loc":{"start":{"line":162,"column":2},"end":{"line":166,"column":3}},"type":"if","locations":[{"start":{"line":162,"column":2},"end":{"line":166,"column":3}}]},"16":{"loc":{"start":{"line":162,"column":6},"end":{"line":162,"column":58}},"type":"binary-expr","locations":[{"start":{"line":162,"column":6},"end":{"line":162,"column":29}},{"start":{"line":162,"column":29},"end":{"line":162,"column":58}}]},"17":{"loc":{"start":{"line":168,"column":2},"end":{"line":173,"column":3}},"type":"if","locations":[{"start":{"line":168,"column":2},"end":{"line":173,"column":3}}]},"18":{"loc":{"start":{"line":168,"column":6},"end":{"line":168,"column":59}},"type":"binary-expr","locations":[{"start":{"line":168,"column":6},"end":{"line":168,"column":29}},{"start":{"line":168,"column":29},"end":{"line":168,"column":59}}]},"19":{"loc":{"start":{"line":175,"column":2},"end":{"line":184,"column":3}},"type":"if","locations":[{"start":{"line":175,"column":2},"end":{"line":184,"column":3}},{"start":{"line":179,"column":9},"end":{"line":184,"column":3}}]},"20":{"loc":{"start":{"line":202,"column":2},"end":{"line":202,"column":20}},"type":"default-arg","locations":[{"start":{"line":202,"column":16},"end":{"line":202,"column":20}}]},"21":{"loc":{"start":{"line":205,"column":2},"end":{"line":207,"column":3}},"type":"if","locations":[{"start":{"line":205,"column":2},"end":{"line":207,"column":3}}]},"22":{"loc":{"start":{"line":221,"column":2},"end":{"line":221,"column":25}},"type":"default-arg","locations":[{"start":{"line":221,"column":20},"end":{"line":221,"column":25}}]},"23":{"loc":{"start":{"line":223,"column":22},"end":{"line":223,"column":95}},"type":"cond-expr","locations":[{"start":{"line":223,"column":41},"end":{"line":223,"column":86}},{"start":{"line":223,"column":86},"end":{"line":223,"column":95}}]},"24":{"loc":{"start":{"line":225,"column":9},"end":{"line":225,"column":74}},"type":"cond-expr","locations":[{"start":{"line":225,"column":37},"end":{"line":225,"column":48}},{"start":{"line":225,"column":48},"end":{"line":225,"column":74}}]},"25":{"loc":{"start":{"line":225,"column":9},"end":{"line":225,"column":37}},"type":"binary-expr","locations":[{"start":{"line":225,"column":9},"end":{"line":225,"column":22}},{"start":{"line":225,"column":22},"end":{"line":225,"column":37}}]},"26":{"loc":{"start":{"line":234,"column":2},"end":{"line":234,"column":81}},"type":"cond-expr","locations":[{"start":{"line":234,"column":19},"end":{"line":234,"column":80}},{"start":{"line":234,"column":80},"end":{"line":234,"column":81}}]},"27":{"loc":{"start":{"line":258,"column":2},"end":{"line":262,"column":10}},"type":"cond-expr","locations":[{"start":{"line":259,"column":6},"end":{"line":260,"column":null}},{"start":{"line":262,"column":6},"end":{"line":262,"column":10}}]},"28":{"loc":{"start":{"line":264,"column":36},"end":{"line":264,"column":41}},"type":"default-arg","locations":[{"start":{"line":264,"column":40},"end":{"line":264,"column":41}}]},"29":{"loc":{"start":{"line":264,"column":43},"end":{"line":264,"column":50}},"type":"default-arg","locations":[{"start":{"line":264,"column":47},"end":{"line":264,"column":50}}]},"30":{"loc":{"start":{"line":268,"column":3},"end":{"line":268,"column":97}},"type":"cond-expr","locations":[{"start":{"line":268,"column":25},"end":{"line":268,"column":91}},{"start":{"line":268,"column":91},"end":{"line":268,"column":97}}]},"31":{"loc":{"start":{"line":272,"column":9},"end":{"line":272,"column":38}},"type":"binary-expr","locations":[{"start":{"line":272,"column":9},"end":{"line":272,"column":18}},{"start":{"line":272,"column":19},"end":{"line":272,"column":29}},{"start":{"line":272,"column":34},"end":{"line":272,"column":38}}]},"32":{"loc":{"start":{"line":275,"column":70},"end":{"line":275,"column":79}},"type":"default-arg","locations":[{"start":{"line":275,"column":76},"end":{"line":275,"column":79}}]},"33":{"loc":{"start":{"line":280,"column":6},"end":{"line":284,"column":7}},"type":"if","locations":[{"start":{"line":280,"column":6},"end":{"line":284,"column":7}},{"start":{"line":282,"column":13},"end":{"line":284,"column":7}}]},"34":{"loc":{"start":{"line":306,"column":2},"end":{"line":306,"column":70}},"type":"cond-expr","locations":[{"start":{"line":306,"column":8},"end":{"line":306,"column":57}},{"start":{"line":306,"column":61},"end":{"line":306,"column":70}}]},"35":{"loc":{"start":{"line":306,"column":8},"end":{"line":306,"column":57}},"type":"cond-expr","locations":[{"start":{"line":306,"column":26},"end":{"line":306,"column":39}},{"start":{"line":306,"column":39},"end":{"line":306,"column":57}}]},"36":{"loc":{"start":{"line":322,"column":2},"end":{"line":322,"column":null}},"type":"if","locations":[{"start":{"line":322,"column":2},"end":{"line":322,"column":null}}]},"37":{"loc":{"start":{"line":322,"column":6},"end":{"line":322,"column":73}},"type":"binary-expr","locations":[{"start":{"line":322,"column":6},"end":{"line":322,"column":42}},{"start":{"line":322,"column":42},"end":{"line":322,"column":73}}]},"38":{"loc":{"start":{"line":323,"column":2},"end":{"line":330,"column":3}},"type":"if","locations":[{"start":{"line":323,"column":2},"end":{"line":330,"column":3}},{"start":{"line":326,"column":9},"end":{"line":330,"column":3}}]},"39":{"loc":{"start":{"line":326,"column":9},"end":{"line":330,"column":3}},"type":"if","locations":[{"start":{"line":326,"column":9},"end":{"line":330,"column":3}}]},"40":{"loc":{"start":{"line":338,"column":2},"end":{"line":342,"column":3}},"type":"if","locations":[{"start":{"line":338,"column":2},"end":{"line":342,"column":3}}]},"41":{"loc":{"start":{"line":339,"column":4},"end":{"line":341,"column":5}},"type":"if","locations":[{"start":{"line":339,"column":4},"end":{"line":341,"column":5}}]},"42":{"loc":{"start":{"line":339,"column":8},"end":{"line":339,"column":98}},"type":"binary-expr","locations":[{"start":{"line":339,"column":8},"end":{"line":339,"column":54}},{"start":{"line":339,"column":54},"end":{"line":339,"column":98}}]},"43":{"loc":{"start":{"line":347,"column":2},"end":{"line":347,"column":44}},"type":"cond-expr","locations":[{"start":{"line":347,"column":23},"end":{"line":347,"column":35}},{"start":{"line":347,"column":35},"end":{"line":347,"column":44}}]},"44":{"loc":{"start":{"line":352,"column":9},"end":{"line":356,"column":15}},"type":"cond-expr","locations":[{"start":{"line":353,"column":6},"end":{"line":355,"column":28}},{"start":{"line":356,"column":6},"end":{"line":356,"column":15}}]},"45":{"loc":{"start":{"line":353,"column":6},"end":{"line":355,"column":28}},"type":"cond-expr","locations":[{"start":{"line":354,"column":8},"end":{"line":354,"column":28}},{"start":{"line":355,"column":8},"end":{"line":355,"column":28}}]},"46":{"loc":{"start":{"line":361,"column":4},"end":{"line":361,"column":null}},"type":"binary-expr","locations":[{"start":{"line":361,"column":4},"end":{"line":361,"column":12}},{"start":{"line":361,"column":13},"end":{"line":361,"column":41}},{"start":{"line":361,"column":41},"end":{"line":361,"column":65}},{"start":{"line":361,"column":65},"end":{"line":361,"column":73}},{"start":{"line":361,"column":73},"end":{"line":361,"column":null}}]},"47":{"loc":{"start":{"line":366,"column":2},"end":{"line":366,"column":65}},"type":"cond-expr","locations":[{"start":{"line":366,"column":21},"end":{"line":366,"column":63}},{"start":{"line":366,"column":63},"end":{"line":366,"column":65}}]},"48":{"loc":{"start":{"line":369,"column":2},"end":{"line":369,"column":null}},"type":"if","locations":[{"start":{"line":369,"column":2},"end":{"line":369,"column":null}}]},"49":{"loc":{"start":{"line":371,"column":2},"end":{"line":371,"column":null}},"type":"if","locations":[{"start":{"line":371,"column":2},"end":{"line":371,"column":null}}]},"50":{"loc":{"start":{"line":372,"column":2},"end":{"line":372,"column":null}},"type":"if","locations":[{"start":{"line":372,"column":2},"end":{"line":372,"column":null}}]},"51":{"loc":{"start":{"line":377,"column":9},"end":{"line":377,"column":62}},"type":"cond-expr","locations":[{"start":{"line":377,"column":38},"end":{"line":377,"column":44}},{"start":{"line":377,"column":44},"end":{"line":377,"column":62}}]},"52":{"loc":{"start":{"line":404,"column":2},"end":{"line":404,"column":null}},"type":"if","locations":[{"start":{"line":404,"column":2},"end":{"line":404,"column":null}}]},"53":{"loc":{"start":{"line":404,"column":6},"end":{"line":404,"column":36}},"type":"binary-expr","locations":[{"start":{"line":404,"column":6},"end":{"line":404,"column":22}},{"start":{"line":404,"column":22},"end":{"line":404,"column":36}}]},"54":{"loc":{"start":{"line":406,"column":9},"end":{"line":412,"column":15}},"type":"cond-expr","locations":[{"start":{"line":407,"column":6},"end":{"line":407,"column":null}},{"start":{"line":408,"column":6},"end":{"line":412,"column":15}}]},"55":{"loc":{"start":{"line":408,"column":6},"end":{"line":412,"column":15}},"type":"cond-expr","locations":[{"start":{"line":409,"column":6},"end":{"line":409,"column":44}},{"start":{"line":410,"column":6},"end":{"line":412,"column":15}}]},"56":{"loc":{"start":{"line":410,"column":6},"end":{"line":412,"column":15}},"type":"cond-expr","locations":[{"start":{"line":411,"column":6},"end":{"line":411,"column":43}},{"start":{"line":412,"column":6},"end":{"line":412,"column":15}}]},"57":{"loc":{"start":{"line":432,"column":2},"end":{"line":432,"column":null}},"type":"if","locations":[{"start":{"line":432,"column":2},"end":{"line":432,"column":null}}]},"58":{"loc":{"start":{"line":441,"column":2},"end":{"line":441,"column":null}},"type":"if","locations":[{"start":{"line":441,"column":2},"end":{"line":441,"column":null}}]},"59":{"loc":{"start":{"line":445,"column":18},"end":{"line":445,"column":null}},"type":"binary-expr","locations":[{"start":{"line":445,"column":18},"end":{"line":445,"column":33}},{"start":{"line":445,"column":33},"end":{"line":445,"column":null}}]},"60":{"loc":{"start":{"line":446,"column":2},"end":{"line":446,"column":null}},"type":"if","locations":[{"start":{"line":446,"column":2},"end":{"line":446,"column":null}}]},"61":{"loc":{"start":{"line":446,"column":6},"end":{"line":446,"column":42}},"type":"binary-expr","locations":[{"start":{"line":446,"column":6},"end":{"line":446,"column":33}},{"start":{"line":446,"column":33},"end":{"line":446,"column":42}}]},"62":{"loc":{"start":{"line":452,"column":22},"end":{"line":452,"column":null}},"type":"binary-expr","locations":[{"start":{"line":452,"column":22},"end":{"line":452,"column":67}},{"start":{"line":452,"column":67},"end":{"line":452,"column":null}}]},"63":{"loc":{"start":{"line":461,"column":2},"end":{"line":463,"column":3}},"type":"if","locations":[{"start":{"line":461,"column":2},"end":{"line":463,"column":3}}]},"64":{"loc":{"start":{"line":464,"column":2},"end":{"line":466,"column":3}},"type":"if","locations":[{"start":{"line":464,"column":2},"end":{"line":466,"column":3}}]},"65":{"loc":{"start":{"line":475,"column":17},"end":{"line":475,"column":98}},"type":"cond-expr","locations":[{"start":{"line":475,"column":42},"end":{"line":475,"column":54}},{"start":{"line":475,"column":54},"end":{"line":475,"column":98}}]},"66":{"loc":{"start":{"line":475,"column":54},"end":{"line":475,"column":98}},"type":"cond-expr","locations":[{"start":{"line":475,"column":78},"end":{"line":475,"column":89}},{"start":{"line":475,"column":89},"end":{"line":475,"column":98}}]},"67":{"loc":{"start":{"line":476,"column":19},"end":{"line":476,"column":47}},"type":"cond-expr","locations":[{"start":{"line":476,"column":30},"end":{"line":476,"column":42}},{"start":{"line":476,"column":45},"end":{"line":476,"column":47}}]}},"s":{"0":0,"1":0,"2":0,"3":0,"4":0,"5":0,"6":0,"7":0,"8":0,"9":0,"10":0,"11":30,"12":0,"13":0,"14":0,"15":0,"16":0,"17":0,"18":0,"19":0,"20":0,"21":0,"22":0,"23":0,"24":0,"25":0,"26":0,"27":0,"28":0,"29":0,"30":0,"31":0,"32":0,"33":0,"34":0,"35":0,"36":0,"37":0,"38":0,"39":0,"40":0,"41":0,"42":0,"43":0,"44":0,"45":0,"46":0,"47":10,"48":0,"49":1,"50":1,"51":1,"52":1,"53":1,"54":1,"55":1,"56":1,"57":1,"58":1,"59":1,"60":1,"61":1,"62":1,"63":0,"64":0,"65":0,"66":0,"67":0,"68":0,"69":1,"70":0,"71":0,"72":0,"73":0,"74":1,"75":0,"76":0,"77":0,"78":0,"79":0,"80":0,"81":0,"82":0,"83":0,"84":0,"85":0,"86":1,"87":0,"88":0,"89":0,"90":0,"91":0,"92":0,"93":0,"94":0,"95":0,"96":0,"97":0,"98":0,"99":1,"100":0,"101":0,"102":0,"103":1,"104":0,"105":0,"106":0,"107":0,"108":0,"109":0,"110":0,"111":0,"112":0,"113":0,"114":1,"115":0,"116":1,"117":0,"118":0,"119":0,"120":0,"121":0,"122":0,"123":0,"124":0,"125":0,"126":1,"127":30,"128":1,"129":30,"130":30,"131":30,"132":0,"133":1,"134":0,"135":0,"136":0,"137":1,"138":0,"139":1,"140":0,"141":1,"142":0,"143":1,"144":0,"145":1,"146":0,"147":0,"148":0,"149":0,"150":1,"151":0,"152":1,"153":0,"154":1,"155":0,"156":1,"157":0,"158":0,"159":0,"160":0,"161":0,"162":0,"163":0,"164":1,"165":0,"166":0,"167":0,"168":1,"169":0,"170":0,"171":0,"172":0,"173":0,"174":0,"175":0,"176":1,"177":0,"178":0,"179":0,"180":0,"181":0,"182":0,"183":1,"184":0,"185":1,"186":0,"187":0,"188":0,"189":0,"190":1,"191":0,"192":1,"193":0,"194":0,"195":0,"196":1,"197":0,"198":1,"199":0,"200":0,"201":0,"202":0,"203":0,"204":0,"205":0,"206":0,"207":1,"208":0,"209":1,"210":0,"211":0,"212":0,"213":1,"214":0,"215":0,"216":0,"217":0,"218":0,"219":1,"220":1,"221":0,"222":1,"223":0,"224":0,"225":0,"226":0,"227":0,"228":0,"229":0,"230":0,"231":0,"232":0,"233":0,"234":0,"235":0,"236":0,"237":0,"238":0,"239":0,"240":1,"241":0,"242":0,"243":0,"244":1,"245":0,"246":0,"247":0,"248":0,"249":0,"250":0,"251":0,"252":10,"253":1,"254":0,"255":0},"f":{"0":0,"1":0,"2":0,"3":0,"4":0,"5":0,"6":0,"7":0,"8":0,"9":0,"10":0,"11":30,"12":0,"13":0,"14":0,"15":0,"16":0,"17":0,"18":0,"19":0,"20":0,"21":0,"22":0,"23":0,"24":0,"25":0,"26":0,"27":0,"28":0,"29":0,"30":0,"31":0,"32":0,"33":0,"34":0,"35":0,"36":0,"37":0,"38":0,"39":0,"40":0,"41":0,"42":0,"43":0,"44":0,"45":0,"46":0,"47":10,"48":0,"49":0,"50":0,"51":0,"52":0,"53":0,"54":0,"55":0,"56":0,"57":0,"58":0,"59":0,"60":0,"61":30,"62":30,"63":0,"64":0,"65":0,"66":0,"67":0,"68":0,"69":0,"70":0,"71":0,"72":0,"73":0,"74":0,"75":0,"76":0,"77":0,"78":0,"79":0,"80":0,"81":0,"82":0,"83":0,"84":0,"85":0,"86":0,"87":0,"88":0,"89":0,"90":0,"91":0,"92":0,"93":0,"94":0,"95":0,"96":0,"97":0,"98":0,"99":10,"100":0},"b":{"0":[0],"1":[0],"2":[0],"3":[0],"4":[0],"5":[0],"6":[0],"7":[0],"8":[0,0],"9":[0],"10":[0,0],"11":[0,0],"12":[0,0],"13":[0],"14":[0,0],"15":[0],"16":[0,0],"17":[0],"18":[0,0],"19":[0,0],"20":[30],"21":[30],"22":[0],"23":[0,0],"24":[0,0],"25":[0,0],"26":[0,0],"27":[0,0],"28":[0],"29":[0],"30":[0,0],"31":[0,0,0],"32":[0],"33":[0,0],"34":[0,0],"35":[0,0],"36":[0],"37":[0,0],"38":[0,0],"39":[0],"40":[0],"41":[0],"42":[0,0],"43":[0,0],"44":[0,0],"45":[0,0],"46":[0,0,0,0,0],"47":[0,0],"48":[0],"49":[0],"50":[0],"51":[0,0],"52":[0],"53":[0,0],"54":[0,0],"55":[0,0],"56":[0,0],"57":[0],"58":[0],"59":[0,0],"60":[0],"61":[0,0],"62":[0,0],"63":[0],"64":[0],"65":[0,0],"66":[0,0],"67":[0,0]}}
,"G:\\expl\\src\\common\\constants\\network.ts": {"path":"G:\\expl\\src\\common\\constants\\network.ts","statementMap":{"0":{"start":{"line":6,"column":13},"end":{"line":6,"column":29}},"1":{"start":{"line":11,"column":13},"end":{"line":11,"column":30}},"2":{"start":{"line":16,"column":13},"end":{"line":16,"column":32}},"3":{"start":{"line":1,"column":63},"end":{"line":1,"column":null}},"4":{"start":{"line":2,"column":29},"end":{"line":2,"column":null}},"5":{"start":{"line":4,"column":24},"end":{"line":4,"column":null}},"6":{"start":{"line":6,"column":68},"end":{"line":9,"column":null}},"7":{"start":{"line":11,"column":63},"end":{"line":14,"column":null}},"8":{"start":{"line":16,"column":35},"end":{"line":16,"column":null}}},"fnMap":{"0":{"name":"(anonymous_1)","decl":{"start":{"line":6,"column":29},"end":{"line":6,"column":68}},"loc":{"start":{"line":6,"column":13},"end":{"line":6,"column":29}}},"1":{"name":"(anonymous_2)","decl":{"start":{"line":11,"column":30},"end":{"line":11,"column":63}},"loc":{"start":{"line":11,"column":13},"end":{"line":11,"column":30}}},"2":{"name":"(anonymous_3)","decl":{"start":{"line":16,"column":32},"end":{"line":16,"column":35}},"loc":{"start":{"line":16,"column":13},"end":{"line":16,"column":32}}}},"branchMap":{},"s":{"0":0,"1":0,"2":0,"3":1,"4":1,"5":1,"6":1,"7":1,"8":1},"f":{"0":0,"1":0,"2":0},"b":{}}
,"G:\\expl\\src\\common\\contracts\\hello-world-contract.tsx": {"path":"G:\\expl\\src\\common\\contracts\\hello-world-contract.tsx","statementMap":{"0":{"start":{"line":1,"column":13},"end":{"line":1,"column":34}},"1":{"start":{"line":1,"column":34},"end":{"line":41,"column":null}}},"fnMap":{"0":{"name":"(anonymous_0)","decl":{"start":{"line":1,"column":13},"end":{"line":1,"column":34}},"loc":{"start":{"line":1,"column":13},"end":{"line":1,"column":34}}}},"branchMap":{},"s":{"0":1,"1":1},"f":{"0":1},"b":{}}
[...]
,"G:\\expl\\src\\common\\types\\network.ts": {"path":"G:\\expl\\src\\common\\types\\network.ts","statementMap":{"0":{"start":{"line":3,"column":12},"end":{"line":3,"column":24}},"1":{"start":{"line":3,"column":12},"end":{"line":4,"column":null}},"2":{"start":{"line":3,"column":12},"end":{"line":5,"column":null}}},"fnMap":{"0":{"name":"(anonymous_1)","decl":{"start":{"line":3,"column":12},"end":{"line":3,"column":24}},"loc":{"start":{"line":3,"column":24},"end":{"line":3,"column":11}}}},"branchMap":{"0":{"loc":{"start":{"line":3,"column":12},"end":{"line":3,"column":24}},"type":"binary-expr","locations":[{"start":{"line":3,"column":12},"end":{"line":3,"column":24}},{"start":{"line":3,"column":12},"end":{"line":3,"column":24}}]}},"s":{"0":1,"1":1,"2":1},"f":{"0":1},"b":{"0":[1,1]}}
,"G:\\expl\\src\\common\\utils\\string-utils.ts": {"path":"G:\\expl\\src\\common\\utils\\string-utils.ts","statementMap":{"0":{"start":{"line":1,"column":16},"end":{"line":1,"column":38}},"1":{"start":{"line":2,"column":2},"end":{"line":2,"column":null}}},"fnMap":{"0":{"name":"(anonymous_0)","decl":{"start":{"line":1,"column":16},"end":{"line":1,"column":38}},"loc":{"start":{"line":1,"column":16},"end":{"line":1,"column":38}}}},"branchMap":{},"s":{"0":21,"1":20},"f":{"0":41},"b":{}}
,"G:\\expl\\src\\common\\utils\\token-utils.ts": {"path":"G:\\expl\\src\\common\\utils\\token-utils.ts","statementMap":{"0":{"start":{"line":6,"column":16},"end":{"line":6,"column":31}},"1":{"start":{"line":12,"column":16},"end":{"line":12,"column":47}},"2":{"start":{"line":3,"column":38},"end":{"line":3,"column":null}},"3":{"start":{"line":7,"column":2},"end":{"line":8,"column":null}},"4":{"start":{"line":13,"column":2},"end":{"line":15,"column":null}}},"fnMap":{"0":{"name":"(anonymous_1)","decl":{"start":{"line":6,"column":31},"end":{"line":6,"column":32}},"loc":{"start":{"line":6,"column":16},"end":{"line":6,"column":31}}},"1":{"name":"(anonymous_2)","decl":{"start":{"line":12,"column":47},"end":{"line":12,"column":48}},"loc":{"start":{"line":12,"column":16},"end":{"line":12,"column":47}}},"2":{"name":"isFtNameLikeStx","decl":{"start":{"line":6,"column":16},"end":{"line":6,"column":31}},"loc":{"start":{"line":6,"column":56},"end":{"line":10,"column":null}}},"3":{"name":"imageCanonicalUriFromFtMetadata","decl":{"start":{"line":12,"column":16},"end":{"line":12,"column":47}},"loc":{"start":{"line":12,"column":95},"end":{"line":16,"column":null}}}},"branchMap":{"0":{"loc":{"start":{"line":8,"column":4},"end":{"line":8,"column":null}},"type":"binary-expr","locations":[{"start":{"line":8,"column":4},"end":{"line":8,"column":14}},{"start":{"line":8,"column":14},"end":{"line":8,"column":null}}]},"1":{"loc":{"start":{"line":13,"column":9},"end":{"line":15,"column":15}},"type":"cond-expr","locations":[{"start":{"line":14,"column":6},"end":{"line":14,"column":30}},{"start":{"line":15,"column":6},"end":{"line":15,"column":15}}]},"2":{"loc":{"start":{"line":13,"column":9},"end":{"line":13,"column":null}},"type":"binary-expr","locations":[{"start":{"line":13,"column":9},"end":{"line":13,"column":38}},{"start":{"line":13,"column":38},"end":{"line":13,"column":null}}]}},"s":{"0":10,"1":5,"2":1,"3":12,"4":4},"f":{"0":10,"1":5,"2":12,"3":4},"b":{"0":[12,11],"1":[2,2],"2":[4,3]}}
,"G:\\expl\\src\\common\\utils\\url-utils.ts": {"path":"G:\\expl\\src\\common\\utils\\url-utils.ts","statementMap":{"0":{"start":{"line":3,"column":13},"end":{"line":3,"column":25}},"1":{"start":{"line":1,"column":25},"end":{"line":1,"column":null}},"2":{"start":{"line":3,"column":25},"end":{"line":3,"column":null}},"3":{"start":{"line":3,"column":51},"end":{"line":3,"column":null}},"4":{"start":{"line":5,"column":16},"end":{"line":9,"column":null}},"5":{"start":{"line":6,"column":29},"end":{"line":6,"column":null}},"6":{"start":{"line":7,"column":20},"end":{"line":7,"column":null}},"7":{"start":{"line":8,"column":2},"end":{"line":8,"column":null}}},"fnMap":{"0":{"name":"(anonymous_0)","decl":{"start":{"line":3,"column":13},"end":{"line":3,"column":25}},"loc":{"start":{"line":3,"column":13},"end":{"line":3,"column":25}}},"1":{"name":"(anonymous_1)","decl":{"start":{"line":3,"column":25},"end":{"line":3,"column":26}},"loc":{"start":{"line":3,"column":51},"end":{"line":3,"column":null}}},"2":{"name":"(anonymous_2)","decl":{"start":{"line":5,"column":16},"end":{"line":5,"column":17}},"loc":{"start":{"line":5,"column":42},"end":{"line":9,"column":null}}}},"branchMap":{"0":{"loc":{"start":{"line":3,"column":51},"end":{"line":3,"column":null}},"type":"binary-expr","locations":[{"start":{"line":3,"column":51},"end":{"line":3,"column":70}},{"start":{"line":3,"column":70},"end":{"line":3,"column":null}}]},"1":{"loc":{"start":{"line":8,"column":9},"end":{"line":8,"column":null}},"type":"binary-expr","locations":[{"start":{"line":8,"column":9},"end":{"line":8,"column":24}},{"start":{"line":8,"column":24},"end":{"line":8,"column":null}}]}},"s":{"0":4,"1":1,"2":1,"3":3,"4":1,"5":2,"6":2,"7":2},"f":{"0":4,"1":3,"2":2},"b":{"0":[3,2],"1":[2,2]}}
,"G:\\expl\\src\\components\\modals\\modal-slice.ts": {"path":"G:\\expl\\src\\components\\modals\\modal-slice.ts","statementMap":{"0":{"start":{"line":15,"column":13},"end":{"line":15,"column":23}},"1":{"start":{"line":28,"column":15},"end":{"line":28,"column":24}},"2":{"start":{"line":28,"column":26},"end":{"line":28,"column":36}},"3":{"start":{"line":30,"column":13},"end":{"line":30,"column":30}},"4":{"start":{"line":4,"column":31},"end":{"line":4,"column":null}},"5":{"start":{"line":5,"column":43},"end":{"line":5,"column":null}},"6":{"start":{"line":1,"column":0},"end":{"line":1,"column":null}},"7":{"start":{"line":11,"column":33},"end":{"line":13,"column":null}},"8":{"start":{"line":15,"column":26},"end":{"line":26,"column":null}},"9":{"start":{"line":20,"column":6},"end":{"line":20,"column":null}},"10":{"start":{"line":23,"column":6},"end":{"line":23,"column":null}},"11":{"start":{"line":28,"column":41},"end":{"line":28,"column":59}},"12":{"start":{"line":30,"column":33},"end":{"line":30,"column":null}},"13":{"start":{"line":30,"column":39},"end":{"line":30,"column":null}},"14":{"start":{"line":30,"column":63},"end":{"line":30,"column":86}}},"fnMap":{"0":{"name":"(anonymous_1)","decl":{"start":{"line":15,"column":23},"end":{"line":15,"column":26}},"loc":{"start":{"line":15,"column":13},"end":{"line":15,"column":23}}},"1":{"name":"(anonymous_2)","decl":{"start":{"line":28,"column":24},"end":{"line":28,"column":26}},"loc":{"start":{"line":28,"column":15},"end":{"line":28,"column":24}}},"2":{"name":"(anonymous_3)","decl":{"start":{"line":28,"column":36},"end":{"line":28,"column":38}},"loc":{"start":{"line":28,"column":26},"end":{"line":28,"column":36}}},"3":{"name":"(anonymous_4)","decl":{"start":{"line":30,"column":30},"end":{"line":30,"column":33}},"loc":{"start":{"line":30,"column":13},"end":{"line":30,"column":30}}},"4":{"name":"(anonymous_5)","decl":{"start":{"line":19,"column":15},"end":{"line":19,"column":16}},"loc":{"start":{"line":19,"column":57},"end":{"line":21,"column":null}}},"5":{"name":"(anonymous_6)","decl":{"start":{"line":22,"column":16},"end":{"line":22,"column":25}},"loc":{"start":{"line":22,"column":25},"end":{"line":24,"column":null}}},"6":{"name":"(anonymous_7)","decl":{"start":{"line":30,"column":33},"end":{"line":30,"column":39}},"loc":{"start":{"line":30,"column":39},"end":{"line":30,"column":null}}},"7":{"name":"(anonymous_8)","decl":{"start":{"line":30,"column":54},"end":{"line":30,"column":63}},"loc":{"start":{"line":30,"column":63},"end":{"line":30,"column":86}}}},"branchMap":{},"s":{"0":1,"1":0,"2":0,"3":0,"4":1,"5":1,"6":1,"7":1,"8":1,"9":0,"10":0,"11":1,"12":1,"13":0,"14":0},"f":{"0":1,"1":0,"2":0,"3":0,"4":0,"5":0,"6":0,"7":0},"b":{}}
,"G:\\expl\\src\\features\\search\\search-slice.ts": {"path":"G:\\expl\\src\\features\\search\\search-slice.ts","statementMap":{"0":{"start":{"line":16,"column":13},"end":{"line":16,"column":24}},"1":{"start":{"line":35,"column":15},"end":{"line":35,"column":28}},"2":{"start":{"line":35,"column":30},"end":{"line":35,"column":45}},"3":{"start":{"line":35,"column":47},"end":{"line":35,"column":52}},"4":{"start":{"line":35,"column":54},"end":{"line":35,"column":58}},"5":{"start":{"line":39,"column":13},"end":{"line":39,"column":29}},"6":{"start":{"line":40,"column":13},"end":{"line":40,"column":39}},"7":{"start":{"line":4,"column":59},"end":{"line":4,"column":null}},"8":{"start":{"line":1,"column":0},"end":{"line":1,"column":null}},"9":{"start":{"line":11,"column":34},"end":{"line":14,"column":null}},"10":{"start":{"line":16,"column":27},"end":{"line":33,"column":null}},"11":{"start":{"line":21,"column":6},"end":{"line":21,"column":null}},"12":{"start":{"line":24,"column":6},"end":{"line":24,"column":null}},"13":{"start":{"line":27,"column":6},"end":{"line":27,"column":null}},"14":{"start":{"line":30,"column":6},"end":{"line":30,"column":null}},"15":{"start":{"line":35,"column":63},"end":{"line":35,"column":82}},"16":{"start":{"line":37,"column":21},"end":{"line":37,"column":55}},"17":{"start":{"line":37,"column":43},"end":{"line":37,"column":55}},"18":{"start":{"line":39,"column":32},"end":{"line":39,"column":null}},"19":{"start":{"line":39,"column":73},"end":{"line":39,"column":90}},"20":{"start":{"line":40,"column":42},"end":{"line":42,"column":null}},"21":{"start":{"line":42,"column":12},"end":{"line":42,"column":28}}},"fnMap":{"0":{"name":"(anonymous_1)","decl":{"start":{"line":16,"column":24},"end":{"line":16,"column":27}},"loc":{"start":{"line":16,"column":13},"end":{"line":16,"column":24}}},"1":{"name":"(anonymous_2)","decl":{"start":{"line":35,"column":28},"end":{"line":35,"column":30}},"loc":{"start":{"line":35,"column":15},"end":{"line":35,"column":28}}},"2":{"name":"(anonymous_3)","decl":{"start":{"line":35,"column":45},"end":{"line":35,"column":47}},"loc":{"start":{"line":35,"column":30},"end":{"line":35,"column":45}}},"3":{"name":"(anonymous_4)","decl":{"start":{"line":35,"column":52},"end":{"line":35,"column":54}},"loc":{"start":{"line":35,"column":47},"end":{"line":35,"column":52}}},"4":{"name":"(anonymous_5)","decl":{"start":{"line":35,"column":58},"end":{"line":35,"column":60}},"loc":{"start":{"line":35,"column":54},"end":{"line":35,"column":58}}},"5":{"name":"(anonymous_6)","decl":{"start":{"line":39,"column":29},"end":{"line":39,"column":32}},"loc":{"start":{"line":39,"column":13},"end":{"line":39,"column":29}}},"6":{"name":"(anonymous_7)","decl":{"start":{"line":40,"column":39},"end":{"line":40,"column":42}},"loc":{"start":{"line":40,"column":13},"end":{"line":40,"column":39}}},"7":{"name":"(anonymous_8)","decl":{"start":{"line":20,"column":19},"end":{"line":20,"column":20}},"loc":{"start":{"line":20,"column":61},"end":{"line":22,"column":null}}},"8":{"name":"(anonymous_9)","decl":{"start":{"line":23,"column":21},"end":{"line":23,"column":30}},"loc":{"start":{"line":23,"column":30},"end":{"line":25,"column":null}}},"9":{"name":"(anonymous_10)","decl":{"start":{"line":26,"column":11},"end":{"line":26,"column":20}},"loc":{"start":{"line":26,"column":20},"end":{"line":28,"column":null}}},"10":{"name":"(anonymous_11)","decl":{"start":{"line":29,"column":10},"end":{"line":29,"column":19}},"loc":{"start":{"line":29,"column":19},"end":{"line":31,"column":null}}},"11":{"name":"(anonymous_12)","decl":{"start":{"line":37,"column":21},"end":{"line":37,"column":22}},"loc":{"start":{"line":37,"column":43},"end":{"line":37,"column":55}}},"12":{"name":"(anonymous_13)","decl":{"start":{"line":39,"column":63},"end":{"line":39,"column":73}},"loc":{"start":{"line":39,"column":73},"end":{"line":39,"column":90}}},"13":{"name":"(anonymous_14)","decl":{"start":{"line":42,"column":2},"end":{"line":42,"column":12}},"loc":{"start":{"line":42,"column":12},"end":{"line":42,"column":28}}}},"branchMap":{},"s":{"0":1,"1":0,"2":0,"3":0,"4":0,"5":0,"6":0,"7":1,"8":1,"9":1,"10":1,"11":0,"12":0,"13":0,"14":0,"15":1,"16":1,"17":0,"18":1,"19":0,"20":1,"21":0},"f":{"0":1,"1":0,"2":0,"3":0,"4":0,"5":0,"6":0,"7":0,"8":0,"9":0,"10":0,"11":0,"12":0,"13":0},"b":{}}
,"G:\\expl\\src\\features\\transactions-filter\\transactions-filter-slice.ts": {"path":"G:\\expl\\src\\features\\transactions-filter\\transactions-filter-slice.ts","statementMap":{"0":{"start":{"line":48,"column":13},"end":{"line":48,"column":32}},"1":{"start":{"line":60,"column":13},"end":{"line":60,"column":22}},"2":{"start":{"line":65,"column":13},"end":{"line":65,"column":27}},"3":{"start":{"line":4,"column":68},"end":{"line":4,"column":null}},"4":{"start":{"line":6,"column":43},"end":{"line":6,"column":null}},"5":{"start":{"line":1,"column":0},"end":{"line":1,"column":null}},"6":{"start":{"line":8,"column":12},"end":{"line":8,"column":25}},"7":{"start":{"line":8,"column":12},"end":{"line":9,"column":null}},"8":{"start":{"line":8,"column":12},"end":{"line":10,"column":null}},"9":{"start":{"line":8,"column":12},"end":{"line":11,"column":null}},"10":{"start":{"line":8,"column":12},"end":{"line":12,"column":null}},"11":{"start":{"line":8,"column":12},"end":{"line":13,"column":null}},"12":{"start":{"line":8,"column":12},"end":{"line":14,"column":null}},"13":{"start":{"line":24,"column":36},"end":{"line":33,"column":null}},"14":{"start":{"line":35,"column":27},"end":{"line":46,"column":null}},"15":{"start":{"line":35,"column":59},"end":{"line":46,"column":null}},"16":{"start":{"line":40,"column":6},"end":{"line":40,"column":null}},"17":{"start":{"line":43,"column":6},"end":{"line":43,"column":null}},"18":{"start":{"line":48,"column":35},"end":{"line":58,"column":null}},"19":{"start":{"line":49,"column":16},"end":{"line":49,"column":null}},"20":{"start":{"line":50,"column":25},"end":{"line":50,"column":64}},"21":{"start":{"line":50,"column":47},"end":{"line":50,"column":64}},"22":{"start":{"line":51,"column":30},"end":{"line":51,"column":null}},"23":{"start":{"line":51,"column":73},"end":{"line":51,"column":93}},"24":{"start":{"line":52,"column":26},"end":{"line":52,"column":null}},"25":{"start":{"line":52,"column":69},"end":{"line":52,"column":85}},"26":{"start":{"line":53,"column":2},"end":{"line":57,"column":null}},"27":{"start":{"line":60,"column":25},"end":{"line":62,"column":null}},"28":{"start":{"line":61,"column":24},"end":{"line":61,"column":null}},"29":{"start":{"line":65,"column":30},"end":{"line":67,"column":null}},"30":{"start":{"line":66,"column":22},"end":{"line":66,"column":null}}},"fnMap":{"0":{"name":"(anonymous_2)","decl":{"start":{"line":48,"column":32},"end":{"line":48,"column":35}},"loc":{"start":{"line":48,"column":13},"end":{"line":48,"column":32}}},"1":{"name":"(anonymous_3)","decl":{"start":{"line":60,"column":22},"end":{"line":60,"column":25}},"loc":{"start":{"line":60,"column":13},"end":{"line":60,"column":22}}},"2":{"name":"(anonymous_4)","decl":{"start":{"line":65,"column":27},"end":{"line":65,"column":30}},"loc":{"start":{"line":65,"column":13},"end":{"line":65,"column":27}}},"3":{"name":"(anonymous_5)","decl":{"start":{"line":8,"column":12},"end":{"line":8,"column":25}},"loc":{"start":{"line":8,"column":25},"end":{"line":8,"column":11}}},"4":{"name":"(anonymous_6)","decl":{"start":{"line":35,"column":27},"end":{"line":35,"column":28}},"loc":{"start":{"line":35,"column":59},"end":{"line":46,"column":null}}},"5":{"name":"(anonymous_7)","decl":{"start":{"line":39,"column":18},"end":{"line":39,"column":19}},"loc":{"start":{"line":39,"column":95},"end":{"line":41,"column":null}}},"6":{"name":"(anonymous_8)","decl":{"start":{"line":42,"column":22},"end":{"line":42,"column":23}},"loc":{"start":{"line":42,"column":48},"end":{"line":44,"column":null}}},"7":{"name":"(anonymous_9)","decl":{"start":{"line":48,"column":35},"end":{"line":48,"column":36}},"loc":{"start":{"line":48,"column":66},"end":{"line":58,"column":null}}},"8":{"name":"(anonymous_10)","decl":{"start":{"line":50,"column":25},"end":{"line":50,"column":26}},"loc":{"start":{"line":50,"column":47},"end":{"line":50,"column":64}}},"9":{"name":"(anonymous_11)","decl":{"start":{"line":51,"column":63},"end":{"line":51,"column":73}},"loc":{"start":{"line":51,"column":73},"end":{"line":51,"column":93}}},"10":{"name":"(anonymous_12)","decl":{"start":{"line":52,"column":59},"end":{"line":52,"column":69}},"loc":{"start":{"line":52,"column":69},"end":{"line":52,"column":85}}},"11":{"name":"(anonymous_13)","decl":{"start":{"line":61,"column":2},"end":{"line":61,"column":3}},"loc":{"start":{"line":61,"column":24},"end":{"line":61,"column":null}}},"12":{"name":"(anonymous_14)","decl":{"start":{"line":66,"column":2},"end":{"line":66,"column":3}},"loc":{"start":{"line":66,"column":22},"end":{"line":66,"column":null}}}},"branchMap":{"0":{"loc":{"start":{"line":8,"column":12},"end":{"line":8,"column":25}},"type":"binary-expr","locations":[{"start":{"line":8,"column":12},"end":{"line":8,"column":25}},{"start":{"line":8,"column":12},"end":{"line":8,"column":25}}]}},"s":{"0":0,"1":4,"2":1,"3":1,"4":1,"5":1,"6":1,"7":1,"8":1,"9":1,"10":1,"11":1,"12":1,"13":1,"14":1,"15":6,"16":0,"17":0,"18":1,"19":6,"20":6,"21":2,"22":6,"23":1,"24":6,"25":1,"26":6,"27":1,"28":6,"29":1,"30":6},"f":{"0":0,"1":4,"2":1,"3":1,"4":6,"5":0,"6":0,"7":6,"8":2,"9":1,"10":1,"11":6,"12":6},"b":{"0":[1,1]}}
,"G:\\expl\\src\\features\\transactions-filter\\hooks\\use-filter-scope.ts": {"path":"G:\\expl\\src\\features\\transactions-filter\\hooks\\use-filter-scope.ts","statementMap":{"0":{"start":{"line":19,"column":13},"end":{"line":19,"column":30}},"1":{"start":{"line":3,"column":30},"end":{"line":3,"column":null}},"2":{"start":{"line":4,"column":28},"end":{"line":4,"column":null}},"3":{"start":{"line":1,"column":0},"end":{"line":1,"column":null}},"4":{"start":{"line":6,"column":62},"end":{"line":17,"column":null}},"5":{"start":{"line":19,"column":30},"end":{"line":24,"column":null}},"6":{"start":{"line":20,"column":15},"end":{"line":20,"column":null}},"7":{"start":{"line":21,"column":14},"end":{"line":21,"column":null}},"8":{"start":{"line":21,"column":62},"end":{"line":21,"column":null}},"9":{"start":{"line":22,"column":2},"end":{"line":22,"column":null}},"10":{"start":{"line":22,"column":12},"end":{"line":22,"column":null}},"11":{"start":{"line":23,"column":2},"end":{"line":23,"column":null}}},"fnMap":{"0":{"name":"(anonymous_0)","decl":{"start":{"line":19,"column":13},"end":{"line":19,"column":30}},"loc":{"start":{"line":19,"column":13},"end":{"line":19,"column":30}}},"1":{"name":"(anonymous_1)","decl":{"start":{"line":19,"column":30},"end":{"line":19,"column":51}},"loc":{"start":{"line":19,"column":51},"end":{"line":24,"column":null}}},"2":{"name":"(anonymous_2)","decl":{"start":{"line":21,"column":55},"end":{"line":21,"column":62}},"loc":{"start":{"line":21,"column":62},"end":{"line":21,"column":null}}}},"branchMap":{"0":{"loc":{"start":{"line":20,"column":15},"end":{"line":20,"column":null}},"type":"binary-expr","locations":[{"start":{"line":20,"column":15},"end":{"line":20,"column":32}},{"start":{"line":20,"column":32},"end":{"line":20,"column":null}}]},"1":{"loc":{"start":{"line":22,"column":2},"end":{"line":22,"column":null}},"type":"if","locations":[{"start":{"line":22,"column":2},"end":{"line":22,"column":null}}]}},"s":{"0":2,"1":1,"2":1,"3":1,"4":1,"5":1,"6":2,"7":2,"8":20,"9":2,"10":0,"11":2},"f":{"0":2,"1":2,"2":20},"b":{"0":[2,2],"1":[0]}}
}
