TN:
SF:src\app\common\hooks\use-filter-state.tsx
FN:9,(anonymous_0)
FN:9,(anonymous_1)
FN:13,(anonymous_2)
FN:17,(anonymous_3)
FNF:4
FNH:2
FNDA:2,(anonymous_0)
FNDA:2,(anonymous_1)
FNDA:0,(anonymous_2)
FNDA:0,(anonymous_3)
DA:1,1
DA:3,1
DA:4,1
DA:5,1
DA:9,2
DA:10,2
DA:11,2
DA:13,2
DA:14,0
DA:17,2
DA:18,0
DA:21,2
LF:12
LH:10
BRF:0
BRH:0
end_of_record
TN:
SF:src\app\sandbox\sandbox-slice.ts
FN:27,(anonymous_1)
FN:66,(anonymous_2)
FN:67,(anonymous_3)
FN:68,(anonymous_4)
FN:69,(anonymous_5)
FN:70,(anonymous_6)
FN:71,(anonymous_7)
FN:74,(anonymous_8)
FN:76,(anonymous_9)
FN:81,(anonymous_10)
FN:86,(anonymous_11)
FN:91,(anonymous_12)
FN:96,(anonymous_13)
FN:31,(anonymous_14)
FN:44,(anonymous_15)
FN:50,(anonymous_16)
FN:53,(anonymous_17)
FN:56,(anonymous_18)
FN:59,(anonymous_19)
FN:74,(anonymous_20)
FN:78,(anonymous_21)
FN:83,(anonymous_22)
FN:88,(anonymous_23)
FN:93,(anonymous_24)
FN:98,(anonymous_25)
FNF:25
FNH:1
FNDA:1,(anonymous_1)
FNDA:0,(anonymous_2)
FNDA:0,(anonymous_3)
FNDA:0,(anonymous_4)
FNDA:0,(anonymous_5)
FNDA:0,(anonymous_6)
FNDA:0,(anonymous_7)
FNDA:0,(anonymous_8)
FNDA:0,(anonymous_9)
FNDA:0,(anonymous_10)
FNDA:0,(anonymous_11)
FNDA:0,(anonymous_12)
FNDA:0,(anonymous_13)
FNDA:0,(anonymous_14)
FNDA:0,(anonymous_15)
FNDA:0,(anonymous_16)
FNDA:0,(anonymous_17)
FNDA:0,(anonymous_18)
FNDA:0,(anonymous_19)
FNDA:0,(anonymous_20)
FNDA:0,(anonymous_21)
FNDA:0,(anonymous_22)
FNDA:0,(anonymous_23)
FNDA:0,(anonymous_24)
FNDA:0,(anonymous_25)
DA:1,1
DA:3,1
DA:4,1
DA:6,1
DA:8,1
DA:19,1
DA:27,1
DA:38,0
DA:42,0
DA:45,0
DA:46,0
DA:47,0
DA:48,0
DA:51,0
DA:54,0
DA:57,0
DA:60,0
DA:66,0
DA:67,0
DA:68,0
DA:69,0
DA:70,0
DA:71,0
DA:72,1
DA:74,1
DA:76,1
DA:78,0
DA:81,1
DA:83,0
DA:86,1
DA:88,0
DA:91,1
DA:93,0
DA:96,1
DA:98,0
LF:35
LH:14
BRDA:42,0,0,0
BRDA:42,0,1,0
BRF:2
BRH:0
end_of_record
TN:
SF:src\common\constants.ts
FN:6,(anonymous_2)
FN:8,(anonymous_3)
FN:10,(anonymous_4)
FN:13,(anonymous_5)
FN:15,(anonymous_6)
FN:19,(anonymous_7)
FN:22,(anonymous_8)
FN:24,(anonymous_9)
FN:29,(anonymous_10)
FN:32,(anonymous_11)
FN:35,(anonymous_12)
FN:38,(anonymous_13)
FN:40,(anonymous_14)
FN:48,(anonymous_15)
FN:51,(anonymous_16)
FN:53,(anonymous_17)
FN:56,(anonymous_18)
FN:62,(anonymous_19)
FN:63,(anonymous_20)
FN:64,(anonymous_21)
FN:65,(anonymous_22)
FN:67,(anonymous_23)
FN:69,(anonymous_24)
FN:77,(anonymous_25)
FN:86,(anonymous_26)
FN:88,(anonymous_27)
FN:42,(anonymous_29)
FN:48,(anonymous_30)
FN:48,(anonymous_31)
FNF:29
FNH:3
FNDA:0,(anonymous_2)
FNDA:0,(anonymous_3)
FNDA:0,(anonymous_4)
FNDA:0,(anonymous_5)
FNDA:0,(anonymous_6)
FNDA:0,(anonymous_7)
FNDA:0,(anonymous_8)
FNDA:0,(anonymous_9)
FNDA:0,(anonymous_10)
FNDA:1,(anonymous_11)
FNDA:1,(anonymous_12)
FNDA:0,(anonymous_13)
FNDA:0,(anonymous_14)
FNDA:0,(anonymous_15)
FNDA:0,(anonymous_16)
FNDA:0,(anonymous_17)
FNDA:0,(anonymous_18)
FNDA:0,(anonymous_19)
FNDA:0,(anonymous_20)
FNDA:0,(anonymous_21)
FNDA:0,(anonymous_22)
FNDA:0,(anonymous_23)
FNDA:0,(anonymous_24)
FNDA:0,(anonymous_25)
FNDA:0,(anonymous_26)
FNDA:0,(anonymous_27)
FNDA:1,(anonymous_29)
FNDA:0,(anonymous_30)
FNDA:0,(anonymous_31)
DA:3,1
DA:6,1
DA:8,1
DA:10,0
DA:11,1
DA:13,1
DA:15,0
DA:16,1
DA:19,0
DA:20,1
DA:22,1
DA:24,1
DA:29,0
DA:30,1
DA:32,1
DA:33,1
DA:35,1
DA:36,1
DA:38,1
DA:40,1
DA:42,1
DA:48,1
DA:49,0
DA:51,1
DA:53,0
DA:54,1
DA:56,1
DA:62,1
DA:63,1
DA:64,1
DA:65,1
DA:67,1
DA:69,1
DA:77,1
DA:86,1
DA:88,1
LF:36
LH:30
BRDA:16,0,0,1
BRDA:16,0,1,1
BRDA:20,1,0,1
BRDA:20,1,1,1
BRDA:22,2,0,1
BRDA:22,2,1,0
BRDA:30,3,0,1
BRDA:30,3,1,1
BRDA:33,4,0,1
BRDA:33,4,1,1
BRDA:36,5,0,1
BRDA:36,5,1,1
BRDA:40,6,0,1
BRDA:40,6,1,1
BRDA:40,6,2,1
BRDA:42,7,0,1
BRDA:42,7,1,1
BRDA:49,8,0,0
BRDA:49,8,1,0
BRDA:51,9,0,1
BRDA:51,9,1,1
BRDA:51,9,2,1
BRDA:54,10,0,1
BRDA:54,10,1,1
BRDA:54,10,2,1
BRF:25
BRH:22
end_of_record
TN:
SF:src\common\utils.ts
FN:39,(anonymous_1)
FN:46,(anonymous_2)
FN:62,(anonymous_3)
FN:74,(anonymous_4)
FN:89,(anonymous_5)
FN:99,(anonymous_6)
FN:124,(anonymous_7)
FN:136,(anonymous_8)
FN:151,(anonymous_9)
FN:154,(anonymous_10)
FN:187,(anonymous_11)
FN:200,(anonymous_12)
FN:218,(anonymous_13)
FN:233,(anonymous_14)
FN:236,(anonymous_15)
FN:239,(anonymous_16)
FN:242,(anonymous_17)
FN:245,(anonymous_18)
FN:257,(anonymous_19)
FN:264,(anonymous_20)
FN:271,(anonymous_21)
FN:275,(anonymous_22)
FN:289,(anonymous_23)
FN:291,(anonymous_24)
FN:303,(anonymous_25)
FN:308,(anonymous_26)
FN:318,(anonymous_27)
FN:333,(anonymous_28)
FN:337,(anonymous_29)
FN:346,(anonymous_30)
FN:349,(anonymous_31)
FN:359,(anonymous_32)
FN:365,(anonymous_33)
FN:368,(anonymous_34)
FN:376,(anonymous_35)
FN:380,(anonymous_36)
FN:387,(anonymous_37)
FN:391,(anonymous_38)
FN:397,(anonymous_39)
FN:400,(anonymous_40)
FN:415,(anonymous_41)
FN:420,(anonymous_42)
FN:427,(anonymous_43)
FN:431,(anonymous_44)
FN:440,(anonymous_45)
FN:450,(anonymous_46)
FN:458,(anonymous_47)
FN:470,(anonymous_48)
FN:474,(anonymous_49)
FN:46,(anonymous_51)
FN:62,(anonymous_52)
FN:64,(anonymous_53)
FN:64,(anonymous_54)
FN:66,(anonymous_55)
FN:74,(anonymous_56)
FN:89,shortenHex
FN:99,(anonymous_58)
FN:124,(anonymous_59)
FN:136,(anonymous_60)
FN:151,(anonymous_61)
FN:154,(anonymous_62)
FN:187,(anonymous_63)
FN:200,(anonymous_64)
FN:218,(anonymous_65)
FN:233,(anonymous_66)
FN:236,(anonymous_67)
FN:239,(anonymous_68)
FN:242,(anonymous_69)
FN:245,(anonymous_70)
FN:257,(anonymous_71)
FN:264,(anonymous_72)
FN:271,(anonymous_73)
FN:275,(anonymous_74)
FN:278,(anonymous_75)
FN:279,(anonymous_76)
FN:289,(anonymous_77)
FN:291,isPendingTx
FN:303,(anonymous_79)
FN:308,stringToHslColor
FN:318,(anonymous_81)
FN:333,(anonymous_82)
FN:337,(anonymous_83)
FN:346,(anonymous_84)
FN:349,(anonymous_85)
FN:359,isReactComponent
FN:365,(anonymous_87)
FN:368,(anonymous_88)
FN:376,initBigNumber
FN:380,(anonymous_90)
FN:387,(anonymous_91)
FN:391,getLocaleDecimalSeparator
FN:394,(anonymous_93)
FN:397,(anonymous_94)
FN:400,getContractId
FN:427,isNumeric
FN:431,(anonymous_97)
FN:440,getNextPageParam
FN:450,(anonymous_99)
FN:458,(anonymous_100)
FN:470,microStxToStx
FN:474,(anonymous_102)
FNF:101
FNH:5
FNDA:0,(anonymous_1)
FNDA:0,(anonymous_2)
FNDA:0,(anonymous_3)
FNDA:0,(anonymous_4)
FNDA:0,(anonymous_5)
FNDA:0,(anonymous_6)
FNDA:0,(anonymous_7)
FNDA:0,(anonymous_8)
FNDA:0,(anonymous_9)
FNDA:0,(anonymous_10)
FNDA:0,(anonymous_11)
FNDA:30,(anonymous_12)
FNDA:0,(anonymous_13)
FNDA:0,(anonymous_14)
FNDA:0,(anonymous_15)
FNDA:0,(anonymous_16)
FNDA:0,(anonymous_17)
FNDA:0,(anonymous_18)
FNDA:0,(anonymous_19)
FNDA:0,(anonymous_20)
FNDA:0,(anonymous_21)
FNDA:0,(anonymous_22)
FNDA:0,(anonymous_23)
FNDA:0,(anonymous_24)
FNDA:0,(anonymous_25)
FNDA:0,(anonymous_26)
FNDA:0,(anonymous_27)
FNDA:0,(anonymous_28)
FNDA:0,(anonymous_29)
FNDA:0,(anonymous_30)
FNDA:0,(anonymous_31)
FNDA:0,(anonymous_32)
FNDA:0,(anonymous_33)
FNDA:0,(anonymous_34)
FNDA:0,(anonymous_35)
FNDA:0,(anonymous_36)
FNDA:0,(anonymous_37)
FNDA:0,(anonymous_38)
FNDA:0,(anonymous_39)
FNDA:0,(anonymous_40)
FNDA:0,(anonymous_41)
FNDA:0,(anonymous_42)
FNDA:0,(anonymous_43)
FNDA:0,(anonymous_44)
FNDA:0,(anonymous_45)
FNDA:0,(anonymous_46)
FNDA:0,(anonymous_47)
FNDA:10,(anonymous_48)
FNDA:0,(anonymous_49)
FNDA:0,(anonymous_51)
FNDA:0,(anonymous_52)
FNDA:0,(anonymous_53)
FNDA:0,(anonymous_54)
FNDA:0,(anonymous_55)
FNDA:0,(anonymous_56)
FNDA:0,shortenHex
FNDA:0,(anonymous_58)
FNDA:0,(anonymous_59)
FNDA:0,(anonymous_60)
FNDA:0,(anonymous_61)
FNDA:0,(anonymous_62)
FNDA:30,(anonymous_63)
FNDA:30,(anonymous_64)
FNDA:0,(anonymous_65)
FNDA:0,(anonymous_66)
FNDA:0,(anonymous_67)
FNDA:0,(anonymous_68)
FNDA:0,(anonymous_69)
FNDA:0,(anonymous_70)
FNDA:0,(anonymous_71)
FNDA:0,(anonymous_72)
FNDA:0,(anonymous_73)
FNDA:0,(anonymous_74)
FNDA:0,(anonymous_75)
FNDA:0,(anonymous_76)
FNDA:0,(anonymous_77)
FNDA:0,isPendingTx
FNDA:0,(anonymous_79)
FNDA:0,stringToHslColor
FNDA:0,(anonymous_81)
FNDA:0,(anonymous_82)
FNDA:0,(anonymous_83)
FNDA:0,(anonymous_84)
FNDA:0,(anonymous_85)
FNDA:0,isReactComponent
FNDA:0,(anonymous_87)
FNDA:0,(anonymous_88)
FNDA:0,initBigNumber
FNDA:0,(anonymous_90)
FNDA:0,(anonymous_91)
FNDA:0,getLocaleDecimalSeparator
FNDA:0,(anonymous_93)
FNDA:0,(anonymous_94)
FNDA:0,getContractId
FNDA:0,isNumeric
FNDA:0,(anonymous_97)
FNDA:0,getNextPageParam
FNDA:0,(anonymous_99)
FNDA:0,(anonymous_100)
FNDA:10,microStxToStx
FNDA:0,(anonymous_102)
DA:1,1
DA:2,1
DA:4,1
DA:5,1
DA:6,1
DA:7,1
DA:8,1
DA:10,1
DA:17,1
DA:19,1
DA:20,1
DA:21,1
DA:39,1
DA:46,1
DA:47,0
DA:48,0
DA:49,0
DA:50,0
DA:52,0
DA:62,1
DA:64,0
DA:66,0
DA:74,1
DA:75,0
DA:76,0
DA:77,0
DA:78,0
DA:79,0
DA:80,0
DA:82,0
DA:83,0
DA:86,0
DA:89,0
DA:90,0
DA:99,1
DA:100,0
DA:102,0
DA:103,0
DA:106,0
DA:107,0
DA:108,0
DA:109,0
DA:110,0
DA:113,0
DA:114,0
DA:115,0
DA:124,1
DA:125,0
DA:126,0
DA:128,0
DA:136,1
DA:137,0
DA:139,0
DA:140,0
DA:141,0
DA:142,0
DA:143,0
DA:144,0
DA:145,0
DA:147,0
DA:151,1
DA:152,0
DA:154,1
DA:155,0
DA:156,0
DA:162,0
DA:163,0
DA:168,0
DA:169,0
DA:175,0
DA:176,0
DA:180,0
DA:187,1
DA:188,30
DA:200,30
DA:204,30
DA:205,30
DA:206,30
DA:208,0
DA:218,1
DA:223,0
DA:224,0
DA:225,0
DA:233,1
DA:234,0
DA:236,1
DA:237,0
DA:239,1
DA:240,0
DA:242,1
DA:243,0
DA:245,1
DA:246,0
DA:247,0
DA:248,0
DA:250,0
DA:257,1
DA:258,0
DA:264,1
DA:268,0
DA:271,1
DA:272,0
DA:275,1
DA:276,0
DA:277,0
DA:278,0
DA:280,0
DA:281,0
DA:283,0
DA:286,0
DA:289,1
DA:291,0
DA:292,0
DA:300,0
DA:303,1
DA:306,0
DA:308,0
DA:309,0
DA:310,0
DA:311,0
DA:314,0
DA:315,0
DA:318,1
DA:322,0
DA:323,0
DA:325,0
DA:326,0
DA:329,0
DA:333,1
DA:334,0
DA:337,1
DA:338,0
DA:339,0
DA:340,0
DA:343,0
DA:346,1
DA:347,0
DA:349,1
DA:350,0
DA:352,0
DA:359,0
DA:360,0
DA:365,1
DA:366,0
DA:368,1
DA:369,0
DA:371,0
DA:372,0
DA:373,0
DA:376,0
DA:377,0
DA:380,1
DA:381,0
DA:387,1
DA:388,0
DA:391,0
DA:392,0
DA:394,0
DA:397,1
DA:398,0
DA:400,0
DA:404,0
DA:405,0
DA:406,0
DA:415,1
DA:420,1
DA:427,0
DA:428,0
DA:431,1
DA:432,0
DA:433,0
DA:434,0
DA:435,0
DA:436,0
DA:437,0
DA:440,0
DA:441,0
DA:442,0
DA:443,0
DA:444,0
DA:445,0
DA:446,0
DA:447,0
DA:450,1
DA:451,0
DA:452,0
DA:454,0
DA:458,1
DA:459,0
DA:460,0
DA:461,0
DA:462,0
DA:464,0
DA:465,0
DA:467,0
DA:470,10
DA:471,10
DA:474,1
DA:475,0
DA:476,0
LF:200
LH:57
BRDA:48,0,0,0
BRDA:75,1,0,0
BRDA:79,2,0,0
BRDA:82,3,0,0
BRDA:89,4,0,0
BRDA:99,5,0,0
BRDA:100,6,0,0
BRDA:102,7,0,0
BRDA:106,8,0,0
BRDA:106,8,1,0
BRDA:137,9,0,0
BRDA:145,10,0,0
BRDA:145,10,1,0
BRDA:152,11,0,0
BRDA:152,11,1,0
BRDA:152,12,0,0
BRDA:152,12,1,0
BRDA:155,13,0,0
BRDA:155,14,0,0
BRDA:155,14,1,0
BRDA:162,15,0,0
BRDA:162,16,0,0
BRDA:162,16,1,0
BRDA:168,17,0,0
BRDA:168,18,0,0
BRDA:168,18,1,0
BRDA:175,19,0,0
BRDA:175,19,1,0
BRDA:202,20,0,30
BRDA:205,21,0,30
BRDA:221,22,0,0
BRDA:223,23,0,0
BRDA:223,23,1,0
BRDA:225,24,0,0
BRDA:225,24,1,0
BRDA:225,25,0,0
BRDA:225,25,1,0
BRDA:234,26,0,0
BRDA:234,26,1,0
BRDA:258,27,0,0
BRDA:258,27,1,0
BRDA:264,28,0,0
BRDA:264,29,0,0
BRDA:268,30,0,0
BRDA:268,30,1,0
BRDA:272,31,0,0
BRDA:272,31,1,0
BRDA:272,31,2,0
BRDA:275,32,0,0
BRDA:280,33,0,0
BRDA:280,33,1,0
BRDA:306,34,0,0
BRDA:306,34,1,0
BRDA:306,35,0,0
BRDA:306,35,1,0
BRDA:322,36,0,0
BRDA:322,37,0,0
BRDA:322,37,1,0
BRDA:323,38,0,0
BRDA:323,38,1,0
BRDA:326,39,0,0
BRDA:338,40,0,0
BRDA:339,41,0,0
BRDA:339,42,0,0
BRDA:339,42,1,0
BRDA:347,43,0,0
BRDA:347,43,1,0
BRDA:352,44,0,0
BRDA:352,44,1,0
BRDA:353,45,0,0
BRDA:353,45,1,0
BRDA:361,46,0,0
BRDA:361,46,1,0
BRDA:361,46,2,0
BRDA:361,46,3,0
BRDA:361,46,4,0
BRDA:366,47,0,0
BRDA:366,47,1,0
BRDA:369,48,0,0
BRDA:371,49,0,0
BRDA:372,50,0,0
BRDA:377,51,0,0
BRDA:377,51,1,0
BRDA:404,52,0,0
BRDA:404,53,0,0
BRDA:404,53,1,0
BRDA:406,54,0,0
BRDA:406,54,1,0
BRDA:408,55,0,0
BRDA:408,55,1,0
BRDA:410,56,0,0
BRDA:410,56,1,0
BRDA:432,57,0,0
BRDA:441,58,0,0
BRDA:445,59,0,0
BRDA:445,59,1,0
BRDA:446,60,0,0
BRDA:446,61,0,0
BRDA:446,61,1,0
BRDA:452,62,0,0
BRDA:452,62,1,0
BRDA:461,63,0,0
BRDA:464,64,0,0
BRDA:475,65,0,0
BRDA:475,65,1,0
BRDA:475,66,0,0
BRDA:475,66,1,0
BRDA:476,67,0,0
BRDA:476,67,1,0
BRF:109
BRH:2
end_of_record
TN:
SF:src\common\constants\network.ts
FN:6,(anonymous_1)
FN:11,(anonymous_2)
FN:16,(anonymous_3)
FNF:3
FNH:0
FNDA:0,(anonymous_1)
FNDA:0,(anonymous_2)
FNDA:0,(anonymous_3)
DA:1,1
DA:2,1
DA:4,1
DA:6,1
DA:11,1
DA:16,1
LF:6
LH:6
BRF:0
BRH:0
end_of_record
TN:
SF:src\common\contracts\hello-world-contract.tsx
FN:1,(anonymous_0)
FNF:1
FNH:1
FNDA:1,(anonymous_0)
DA:1,1
LF:1
LH:1
BRF:0
BRH:0
end_of_record
TN:
SF:src\common\hooks\useTxsCSVData.ts
FN:24,(anonymous_0)
FN:24,(anonymous_1)
FN:28,(anonymous_2)
FN:42,(anonymous_3)
FN:48,(anonymous_4)
FN:52,(anonymous_5)
FN:57,(anonymous_6)
FNF:7
FNH:7
FNDA:2,(anonymous_0)
FNDA:2,(anonymous_1)
FNDA:1,(anonymous_2)
FNDA:1,(anonymous_3)
FNDA:5,(anonymous_4)
FNDA:2,(anonymous_5)
FNDA:10,(anonymous_6)
DA:6,1
DA:8,1
DA:9,1
DA:24,2
DA:25,2
DA:26,2
DA:28,2
DA:29,1
DA:35,1
DA:39,1
DA:41,1
DA:43,1
DA:48,5
DA:49,1
DA:52,2
DA:56,2
DA:57,2
DA:62,10
DA:63,10
DA:64,8
DA:66,10
DA:81,2
LF:22
LH:22
BRDA:63,0,0,8
BRF:1
BRH:1
end_of_record
TN:
SF:src\common\mockData\txsData.ts
FN:1,(anonymous_1)
FN:2,(anonymous_2)
FN:65,(anonymous_3)
FNF:3
FNH:3
FNDA:4,(anonymous_1)
FNDA:4,(anonymous_2)
FNDA:1,(anonymous_3)
DA:1,4
DA:2,4
DA:65,1
LF:3
LH:3
BRF:0
BRH:0
end_of_record
TN:
SF:src\common\state\hooks.ts
FN:5,(anonymous_1)
FN:6,(anonymous_2)
FN:5,(anonymous_3)
FNF:3
FNH:3
FNDA:2,(anonymous_1)
FNDA:4,(anonymous_2)
FNDA:2,(anonymous_3)
DA:1,1
DA:5,2
DA:6,4
LF:3
LH:3
BRF:0
BRH:0
end_of_record
TN:
SF:src\common\state\store.ts
FN:18,(anonymous_1)
FN:28,(anonymous_2)
FN:18,(anonymous_3)
FN:22,(anonymous_4)
FNF:4
FNH:3
FNDA:0,(anonymous_1)
FNDA:2,(anonymous_2)
FNDA:1,(anonymous_3)
FNDA:1,(anonymous_4)
DA:1,1
DA:2,1
DA:6,1
DA:7,1
DA:9,1
DA:11,1
DA:18,1
DA:19,1
DA:23,1
DA:28,2
LF:10
LH:10
BRF:0
BRH:0
end_of_record
TN:
SF:src\common\types\network.ts
FN:3,(anonymous_1)
FNF:1
FNH:1
FNDA:1,(anonymous_1)
DA:3,1
LF:1
LH:1
BRDA:3,0,0,1
BRDA:3,0,1,1
BRF:2
BRH:2
end_of_record
TN:
SF:src\common\utils\string-utils.ts
FN:1,(anonymous_0)
FNF:1
FNH:1
FNDA:41,(anonymous_0)
DA:1,21
DA:2,20
LF:2
LH:2
BRF:0
BRH:0
end_of_record
TN:
SF:src\common\utils\token-utils.ts
FN:6,(anonymous_1)
FN:12,(anonymous_2)
FN:6,isFtNameLikeStx
FN:12,imageCanonicalUriFromFtMetadata
FNF:4
FNH:4
FNDA:10,(anonymous_1)
FNDA:5,(anonymous_2)
FNDA:12,isFtNameLikeStx
FNDA:4,imageCanonicalUriFromFtMetadata
DA:3,1
DA:6,10
DA:7,12
DA:12,5
DA:13,4
LF:5
LH:5
BRDA:8,0,0,12
BRDA:8,0,1,11
BRDA:13,1,0,2
BRDA:13,1,1,2
BRDA:13,2,0,4
BRDA:13,2,1,3
BRF:6
BRH:6
end_of_record
TN:
SF:src\common\utils\url-utils.ts
FN:3,(anonymous_0)
FN:3,(anonymous_1)
FN:5,(anonymous_2)
FNF:3
FNH:3
FNDA:4,(anonymous_0)
FNDA:3,(anonymous_1)
FNDA:2,(anonymous_2)
DA:1,1
DA:3,4
DA:5,1
DA:6,2
DA:7,2
DA:8,2
LF:6
LH:6
BRDA:3,0,0,3
BRDA:3,0,1,2
BRDA:8,1,0,2
BRDA:8,1,1,2
BRF:4
BRH:4
end_of_record
TN:
SF:src\components\modals\modal-slice.ts
FN:15,(anonymous_1)
FN:28,(anonymous_2)
FN:28,(anonymous_3)
FN:30,(anonymous_4)
FN:19,(anonymous_5)
FN:22,(anonymous_6)
FN:30,(anonymous_7)
FN:30,(anonymous_8)
FNF:8
FNH:1
FNDA:1,(anonymous_1)
FNDA:0,(anonymous_2)
FNDA:0,(anonymous_3)
FNDA:0,(anonymous_4)
FNDA:0,(anonymous_5)
FNDA:0,(anonymous_6)
FNDA:0,(anonymous_7)
FNDA:0,(anonymous_8)
DA:1,1
DA:4,1
DA:5,1
DA:11,1
DA:15,1
DA:20,0
DA:23,0
DA:28,1
DA:30,1
LF:9
LH:7
BRF:0
BRH:0
end_of_record
TN:
SF:src\features\search\search-slice.ts
FN:16,(anonymous_1)
FN:35,(anonymous_2)
FN:35,(anonymous_3)
FN:35,(anonymous_4)
FN:35,(anonymous_5)
FN:39,(anonymous_6)
FN:40,(anonymous_7)
FN:20,(anonymous_8)
FN:23,(anonymous_9)
FN:26,(anonymous_10)
FN:29,(anonymous_11)
FN:37,(anonymous_12)
FN:39,(anonymous_13)
FN:42,(anonymous_14)
FNF:14
FNH:1
FNDA:1,(anonymous_1)
FNDA:0,(anonymous_2)
FNDA:0,(anonymous_3)
FNDA:0,(anonymous_4)
FNDA:0,(anonymous_5)
FNDA:0,(anonymous_6)
FNDA:0,(anonymous_7)
FNDA:0,(anonymous_8)
FNDA:0,(anonymous_9)
FNDA:0,(anonymous_10)
FNDA:0,(anonymous_11)
FNDA:0,(anonymous_12)
FNDA:0,(anonymous_13)
FNDA:0,(anonymous_14)
DA:1,1
DA:4,1
DA:11,1
DA:16,1
DA:21,0
DA:24,0
DA:27,0
DA:30,0
DA:35,1
DA:37,1
DA:39,1
DA:40,1
DA:42,0
LF:13
LH:8
BRF:0
BRH:0
end_of_record
TN:
SF:src\features\transactions-filter\transactions-filter-slice.ts
FN:48,(anonymous_2)
FN:60,(anonymous_3)
FN:65,(anonymous_4)
FN:8,(anonymous_5)
FN:35,(anonymous_6)
FN:39,(anonymous_7)
FN:42,(anonymous_8)
FN:48,(anonymous_9)
FN:50,(anonymous_10)
FN:51,(anonymous_11)
FN:52,(anonymous_12)
FN:61,(anonymous_13)
FN:66,(anonymous_14)
FNF:13
FNH:10
FNDA:0,(anonymous_2)
FNDA:4,(anonymous_3)
FNDA:1,(anonymous_4)
FNDA:1,(anonymous_5)
FNDA:6,(anonymous_6)
FNDA:0,(anonymous_7)
FNDA:0,(anonymous_8)
FNDA:6,(anonymous_9)
FNDA:2,(anonymous_10)
FNDA:1,(anonymous_11)
FNDA:1,(anonymous_12)
FNDA:6,(anonymous_13)
FNDA:6,(anonymous_14)
DA:1,1
DA:4,1
DA:6,1
DA:8,1
DA:24,1
DA:35,6
DA:40,0
DA:43,0
DA:48,1
DA:49,6
DA:50,6
DA:51,6
DA:52,6
DA:53,6
DA:60,4
DA:61,6
DA:65,1
DA:66,6
LF:18
LH:16
BRDA:8,0,0,1
BRDA:8,0,1,1
BRF:2
BRH:2
end_of_record
TN:
SF:src\features\transactions-filter\hooks\use-filter-scope.ts
FN:19,(anonymous_0)
FN:19,(anonymous_1)
FN:21,(anonymous_2)
FNF:3
FNH:3
FNDA:2,(anonymous_0)
FNDA:2,(anonymous_1)
FNDA:20,(anonymous_2)
DA:1,1
DA:3,1
DA:4,1
DA:6,1
DA:19,2
DA:20,2
DA:21,20
DA:22,2
DA:23,2
LF:9
LH:9
BRDA:20,0,0,2
BRDA:20,0,1,2
BRDA:22,1,0,0
BRF:3
BRH:2
end_of_record
